   1              	 .syntax unified
   2              	 .cpu cortex-m4
   3              	 .eabi_attribute 27,3
   4              	 .eabi_attribute 28,1
   5              	 .fpu fpv4-sp-d16
   6              	 .eabi_attribute 23,1
   7              	 .eabi_attribute 24,1
   8              	 .eabi_attribute 25,1
   9              	 .eabi_attribute 26,1
  10              	 .eabi_attribute 30,1
  11              	 .eabi_attribute 34,1
  12              	 .eabi_attribute 18,4
  13              	 .thumb
  14              	 .file "xmc_wdt.c"
  15              	 .text
  16              	.Ltext0:
  17              	 .cfi_sections .debug_frame
  18              	 .section .text.XMC_WDT_Enable,"ax",%progbits
  19              	 .align 2
  20              	 .global XMC_WDT_Enable
  21              	 .thumb
  22              	 .thumb_func
  24              	XMC_WDT_Enable:
  25              	.LFB178:
  26              	 .file 1 "../Libraries/XMCLib/src/xmc_wdt.c"
   1:../Libraries/XMCLib/src/xmc_wdt.c **** /**
   2:../Libraries/XMCLib/src/xmc_wdt.c ****  * @file xmc_wdt.c
   3:../Libraries/XMCLib/src/xmc_wdt.c ****  * @date 2015-06-20
   4:../Libraries/XMCLib/src/xmc_wdt.c ****  *
   5:../Libraries/XMCLib/src/xmc_wdt.c ****  * @cond
   6:../Libraries/XMCLib/src/xmc_wdt.c ****  **************************************************************************************************
   7:../Libraries/XMCLib/src/xmc_wdt.c ****  * XMClib v2.1.18 - XMC Peripheral Driver Library
   8:../Libraries/XMCLib/src/xmc_wdt.c ****  *
   9:../Libraries/XMCLib/src/xmc_wdt.c ****  * Copyright (c) 2015-2018, Infineon Technologies AG
  10:../Libraries/XMCLib/src/xmc_wdt.c ****  * All rights reserved.                        
  11:../Libraries/XMCLib/src/xmc_wdt.c ****  *                                             
  12:../Libraries/XMCLib/src/xmc_wdt.c ****  * Redistribution and use in source and binary forms, with or without modification,are permitted pr
  13:../Libraries/XMCLib/src/xmc_wdt.c ****  * following conditions are met:   
  14:../Libraries/XMCLib/src/xmc_wdt.c ****  *                                                                              
  15:../Libraries/XMCLib/src/xmc_wdt.c ****  * Redistributions of source code must retain the above copyright notice, this list of conditions a
  16:../Libraries/XMCLib/src/xmc_wdt.c ****  * disclaimer.                        
  17:../Libraries/XMCLib/src/xmc_wdt.c ****  * 
  18:../Libraries/XMCLib/src/xmc_wdt.c ****  * Redistributions in binary form must reproduce the above copyright notice, this list of condition
  19:../Libraries/XMCLib/src/xmc_wdt.c ****  * disclaimer in the documentation and/or other materials provided with the distribution.          
  20:../Libraries/XMCLib/src/xmc_wdt.c ****  * 
  21:../Libraries/XMCLib/src/xmc_wdt.c ****  * Neither the name of the copyright holders nor the names of its contributors may be used to endor
  22:../Libraries/XMCLib/src/xmc_wdt.c ****  * products derived from this software without specific prior written permission.                  
  23:../Libraries/XMCLib/src/xmc_wdt.c ****  *                                                                              
  24:../Libraries/XMCLib/src/xmc_wdt.c ****  * THIS SOFTWARE IS PROVIDED BY THE COPYRIGHT HOLDERS AND CONTRIBUTORS "AS IS" AND ANY EXPRESS OR I
  25:../Libraries/XMCLib/src/xmc_wdt.c ****  * INCLUDING, BUT NOT LIMITED TO, THE IMPLIED WARRANTIES OF MERCHANTABILITY AND FITNESS FOR A PARTI
  26:../Libraries/XMCLib/src/xmc_wdt.c ****  * DISCLAIMED. IN NO EVENT SHALL THE COPYRIGHT HOLDER OR CONTRIBUTORS BE LIABLE  FOR ANY DIRECT, IN
  27:../Libraries/XMCLib/src/xmc_wdt.c ****  * SPECIAL, EXEMPLARY, OR CONSEQUENTIAL DAMAGES (INCLUDING, BUT NOT LIMITED TO, PROCUREMENT OF SUBS
  28:../Libraries/XMCLib/src/xmc_wdt.c ****  * SERVICES; LOSS OF USE, DATA, OR PROFITS; OR BUSINESS INTERRUPTION) HOWEVER CAUSED AND ON ANY THE
  29:../Libraries/XMCLib/src/xmc_wdt.c ****  * WHETHER IN CONTRACT, STRICT LIABILITY,OR TORT (INCLUDING NEGLIGENCE OR OTHERWISE) ARISING IN ANY
  30:../Libraries/XMCLib/src/xmc_wdt.c ****  * OF THIS SOFTWARE, EVEN IF ADVISED OF THE POSSIBILITY OF SUCH DAMAGE.                            
  31:../Libraries/XMCLib/src/xmc_wdt.c ****  *                                                                              
  32:../Libraries/XMCLib/src/xmc_wdt.c ****  * To improve the quality of the software, users are encouraged to share modifications, enhancement
  33:../Libraries/XMCLib/src/xmc_wdt.c ****  * Infineon Technologies AG dave@infineon.com).                                                    
  34:../Libraries/XMCLib/src/xmc_wdt.c ****  **************************************************************************************************
  35:../Libraries/XMCLib/src/xmc_wdt.c ****  *
  36:../Libraries/XMCLib/src/xmc_wdt.c ****  * Change History
  37:../Libraries/XMCLib/src/xmc_wdt.c ****  * --------------
  38:../Libraries/XMCLib/src/xmc_wdt.c ****  *
  39:../Libraries/XMCLib/src/xmc_wdt.c ****  * 2015-02-20:
  40:../Libraries/XMCLib/src/xmc_wdt.c ****  *     - Initial <br>
  41:../Libraries/XMCLib/src/xmc_wdt.c ****  *
  42:../Libraries/XMCLib/src/xmc_wdt.c ****  * 2015-06-20:
  43:../Libraries/XMCLib/src/xmc_wdt.c ****  *     - Removed definition of GetDriverVersion API <br>
  44:../Libraries/XMCLib/src/xmc_wdt.c ****  *
  45:../Libraries/XMCLib/src/xmc_wdt.c ****  * @endcond
  46:../Libraries/XMCLib/src/xmc_wdt.c ****  */
  47:../Libraries/XMCLib/src/xmc_wdt.c ****  
  48:../Libraries/XMCLib/src/xmc_wdt.c **** /**************************************************************************************************
  49:../Libraries/XMCLib/src/xmc_wdt.c ****  * HEADER FILES
  50:../Libraries/XMCLib/src/xmc_wdt.c ****  **************************************************************************************************
  51:../Libraries/XMCLib/src/xmc_wdt.c **** #include "xmc_wdt.h"
  52:../Libraries/XMCLib/src/xmc_wdt.c **** #include "xmc_scu.h"
  53:../Libraries/XMCLib/src/xmc_wdt.c **** 
  54:../Libraries/XMCLib/src/xmc_wdt.c **** /**************************************************************************************************
  55:../Libraries/XMCLib/src/xmc_wdt.c ****  * API IMPLEMENTATION
  56:../Libraries/XMCLib/src/xmc_wdt.c ****   *************************************************************************************************
  57:../Libraries/XMCLib/src/xmc_wdt.c **** 
  58:../Libraries/XMCLib/src/xmc_wdt.c **** /* Enables watchdog clock and releases watchdog reset. */
  59:../Libraries/XMCLib/src/xmc_wdt.c **** void XMC_WDT_Enable(void)
  60:../Libraries/XMCLib/src/xmc_wdt.c **** {
  27              	 .loc 1 60 0
  28              	 .cfi_startproc
  29              	 
  30              	 
  31 0000 08B5     	 push {r3,lr}
  32              	.LCFI0:
  33              	 .cfi_def_cfa_offset 8
  34              	 .cfi_offset 3,-8
  35              	 .cfi_offset 14,-4
  61:../Libraries/XMCLib/src/xmc_wdt.c **** #if UC_FAMILY == XMC4
  62:../Libraries/XMCLib/src/xmc_wdt.c ****   XMC_SCU_CLOCK_EnableClock(XMC_SCU_CLOCK_WDT);
  36              	 .loc 1 62 0
  37 0002 2020     	 movs r0,#32
  38 0004 FFF7FEFF 	 bl XMC_SCU_CLOCK_EnableClock
  39              	.LVL0:
  63:../Libraries/XMCLib/src/xmc_wdt.c **** #endif
  64:../Libraries/XMCLib/src/xmc_wdt.c **** 
  65:../Libraries/XMCLib/src/xmc_wdt.c **** #if defined(CLOCK_GATING_SUPPORTED)
  66:../Libraries/XMCLib/src/xmc_wdt.c ****   XMC_SCU_CLOCK_UngatePeripheralClock(XMC_SCU_PERIPHERAL_CLOCK_WDT);
  67:../Libraries/XMCLib/src/xmc_wdt.c **** #endif
  68:../Libraries/XMCLib/src/xmc_wdt.c **** #if defined(PERIPHERAL_RESET_SUPPORTED)
  69:../Libraries/XMCLib/src/xmc_wdt.c ****   XMC_SCU_RESET_DeassertPeripheralReset(XMC_SCU_PERIPHERAL_RESET_WDT);
  40              	 .loc 1 69 0
  41 0008 0148     	 ldr r0,.L3
  42 000a FFF7FEFF 	 bl XMC_SCU_RESET_DeassertPeripheralReset
  43              	.LVL1:
  44 000e 08BD     	 pop {r3,pc}
  45              	.L4:
  46              	 .align 2
  47              	.L3:
  48 0010 02000020 	 .word 536870914
  49              	 .cfi_endproc
  50              	.LFE178:
  52              	 .section .text.XMC_WDT_Disable,"ax",%progbits
  53              	 .align 2
  54              	 .global XMC_WDT_Disable
  55              	 .thumb
  56              	 .thumb_func
  58              	XMC_WDT_Disable:
  59              	.LFB179:
  70:../Libraries/XMCLib/src/xmc_wdt.c **** #endif  
  71:../Libraries/XMCLib/src/xmc_wdt.c **** }
  72:../Libraries/XMCLib/src/xmc_wdt.c **** 
  73:../Libraries/XMCLib/src/xmc_wdt.c **** /* Disables watchdog clock and resets watchdog. */
  74:../Libraries/XMCLib/src/xmc_wdt.c **** void XMC_WDT_Disable(void)
  75:../Libraries/XMCLib/src/xmc_wdt.c **** {
  60              	 .loc 1 75 0
  61              	 .cfi_startproc
  62              	 
  63              	 
  64 0000 08B5     	 push {r3,lr}
  65              	.LCFI1:
  66              	 .cfi_def_cfa_offset 8
  67              	 .cfi_offset 3,-8
  68              	 .cfi_offset 14,-4
  76:../Libraries/XMCLib/src/xmc_wdt.c **** #if defined(PERIPHERAL_RESET_SUPPORTED)
  77:../Libraries/XMCLib/src/xmc_wdt.c ****   XMC_SCU_RESET_AssertPeripheralReset(XMC_SCU_PERIPHERAL_RESET_WDT);
  69              	 .loc 1 77 0
  70 0002 0348     	 ldr r0,.L7
  71 0004 FFF7FEFF 	 bl XMC_SCU_RESET_AssertPeripheralReset
  72              	.LVL2:
  78:../Libraries/XMCLib/src/xmc_wdt.c **** #endif  
  79:../Libraries/XMCLib/src/xmc_wdt.c **** #if defined(CLOCK_GATING_SUPPORTED)
  80:../Libraries/XMCLib/src/xmc_wdt.c ****   XMC_SCU_CLOCK_GatePeripheralClock(XMC_SCU_PERIPHERAL_CLOCK_WDT); 
  81:../Libraries/XMCLib/src/xmc_wdt.c **** #endif
  82:../Libraries/XMCLib/src/xmc_wdt.c **** 
  83:../Libraries/XMCLib/src/xmc_wdt.c **** #if UC_FAMILY == XMC4
  84:../Libraries/XMCLib/src/xmc_wdt.c ****   XMC_SCU_CLOCK_DisableClock(XMC_SCU_CLOCK_WDT);
  73              	 .loc 1 84 0
  74 0008 2020     	 movs r0,#32
  75 000a FFF7FEFF 	 bl XMC_SCU_CLOCK_DisableClock
  76              	.LVL3:
  77 000e 08BD     	 pop {r3,pc}
  78              	.L8:
  79              	 .align 2
  80              	.L7:
  81 0010 02000020 	 .word 536870914
  82              	 .cfi_endproc
  83              	.LFE179:
  85              	 .section .text.XMC_WDT_Init,"ax",%progbits
  86              	 .align 2
  87              	 .global XMC_WDT_Init
  88              	 .thumb
  89              	 .thumb_func
  91              	XMC_WDT_Init:
  92              	.LFB180:
  85:../Libraries/XMCLib/src/xmc_wdt.c **** #endif
  86:../Libraries/XMCLib/src/xmc_wdt.c **** }
  87:../Libraries/XMCLib/src/xmc_wdt.c **** /* Initializes and configures watchdog with configuration data pointed by \a config. */
  88:../Libraries/XMCLib/src/xmc_wdt.c **** void XMC_WDT_Init(const XMC_WDT_CONFIG_t *const config)
  89:../Libraries/XMCLib/src/xmc_wdt.c **** {
  93              	 .loc 1 89 0
  94              	 .cfi_startproc
  95              	 
  96              	 
  97              	.LVL4:
  98 0000 10B5     	 push {r4,lr}
  99              	.LCFI2:
 100              	 .cfi_def_cfa_offset 8
 101              	 .cfi_offset 4,-8
 102              	 .cfi_offset 14,-4
 103 0002 0446     	 mov r4,r0
  90:../Libraries/XMCLib/src/xmc_wdt.c ****   XMC_WDT_Enable();
 104              	 .loc 1 90 0
 105 0004 FFF7FEFF 	 bl XMC_WDT_Enable
 106              	.LVL5:
  91:../Libraries/XMCLib/src/xmc_wdt.c ****   WDT->CTR = config->wdt_ctr;
 107              	 .loc 1 91 0
 108 0008 A268     	 ldr r2,[r4,#8]
 109 000a 034B     	 ldr r3,.L11
 110 000c 5A60     	 str r2,[r3,#4]
  92:../Libraries/XMCLib/src/xmc_wdt.c ****   WDT->WLB = config->window_lower_bound;
 111              	 .loc 1 92 0
 112 000e 6268     	 ldr r2,[r4,#4]
 113 0010 1A61     	 str r2,[r3,#16]
  93:../Libraries/XMCLib/src/xmc_wdt.c ****   WDT->WUB = config->window_upper_bound;
 114              	 .loc 1 93 0
 115 0012 2268     	 ldr r2,[r4]
 116 0014 5A61     	 str r2,[r3,#20]
 117 0016 10BD     	 pop {r4,pc}
 118              	.LVL6:
 119              	.L12:
 120              	 .align 2
 121              	.L11:
 122 0018 00800050 	 .word 1342210048
 123              	 .cfi_endproc
 124              	.LFE180:
 126              	 .text
 127              	.Letext0:
 128              	 .file 2 "e:\\embedded\\dave_4-4-2_64bit_2018-02-23\\dave-ide-4.4.2-64bit\\eclipse\\arm-gcc-49\\arm-none-eabi\\include\\machine\\_default_types.h"
 129              	 .file 3 "e:\\embedded\\dave_4-4-2_64bit_2018-02-23\\dave-ide-4.4.2-64bit\\eclipse\\arm-gcc-49\\arm-none-eabi\\include\\stdint.h"
 130              	 .file 4 "E:/Embedded/Projects/XMC4500/Ethernet_CAN_XMC4500/Libraries/CMSIS/Infineon/XMC4500_series/Include/XMC4500.h"
 131              	 .file 5 "E:/Embedded/Projects/XMC4500/Ethernet_CAN_XMC4500/Libraries/XMCLib/inc/xmc4_scu.h"
 132              	 .file 6 "E:/Embedded/Projects/XMC4500/Ethernet_CAN_XMC4500/Libraries/XMCLib/inc/xmc_wdt.h"
 133              	 .file 7 "E:/Embedded/Projects/XMC4500/Ethernet_CAN_XMC4500/Libraries/CMSIS/Include/core_cm4.h"
 134              	 .file 8 "E:/Embedded/Projects/XMC4500/Ethernet_CAN_XMC4500/Libraries/CMSIS/Infineon/XMC4500_series/Include/system_XMC4500.h"
DEFINED SYMBOLS
                            *ABS*:00000000 xmc_wdt.c
    {standard input}:19     .text.XMC_WDT_Enable:00000000 $t
    {standard input}:24     .text.XMC_WDT_Enable:00000000 XMC_WDT_Enable
    {standard input}:48     .text.XMC_WDT_Enable:00000010 $d
    {standard input}:53     .text.XMC_WDT_Disable:00000000 $t
    {standard input}:58     .text.XMC_WDT_Disable:00000000 XMC_WDT_Disable
    {standard input}:81     .text.XMC_WDT_Disable:00000010 $d
    {standard input}:86     .text.XMC_WDT_Init:00000000 $t
    {standard input}:91     .text.XMC_WDT_Init:00000000 XMC_WDT_Init
    {standard input}:122    .text.XMC_WDT_Init:00000018 $d
                     .debug_frame:00000010 $d
                           .group:00000000 wm4.0.3466fc6a3db32493c997d085de4c7a28
                           .group:00000000 wm4.stddef.h.39.c744ceb84abf2f8351653f0e2622da1c
                           .group:00000000 wm4.features.h.22.bee0aee4a3878f51861c775df98fa3ea
                           .group:00000000 wm4._default_types.h.15.933e8edd27a65e0b69af4a865eb623d2
                           .group:00000000 wm4._intsup.h.10.ca9f32a61b410c270a48d1161ca2c217
                           .group:00000000 wm4.stdint.h.22.f4a337c398d8b6d821a97202448bc0d0
                           .group:00000000 wm4.stdbool.h.29.1c9ee6859ce8145f7838a4f2549ccec2
                           .group:00000000 wm4.newlib.h.8.fe7d912fc917043c98742c35eddd8cff
                           .group:00000000 wm4.config.h.216.aad1ef7bee4fb69981cb38ce62f84d9c
                           .group:00000000 wm4._ansi.h.23.9f8fcfa20193763fcf364fb91705c94b
                           .group:00000000 wm4.lock.h.2.9bc98482741e5e2a9450b12934a684ea
                           .group:00000000 wm4._types.h.54.d3d34a3b7f3cc230cd159baf022b4b08
                           .group:00000000 wm4.stddef.h.158.61317cdbfb4026324507d123a50b0fd6
                           .group:00000000 wm4.reent.h.17.8bd9e4098e0428508c282cad794fae43
                           .group:00000000 wm4.cdefs.h.47.4002528de975c0fcce6c551c15d87b8c
                           .group:00000000 wm4.string.h.15.dab3980bf35408a4c507182805e2de3a
                           .group:00000000 wm4.stddef.h.158.a7efb00f6cbc6f43213b50e183c9830c
                           .group:00000000 wm4.xmc_device.h.61.ba2d082e12f51240746cffdd60d42b81
                           .group:00000000 wm4.XMC4500.h.55.9aa45b9b5790506b2dcb963e4e7adeaf
                           .group:00000000 wm4.cmsis_version.h.32.4d5822004c01a829a975260e854b5f8e
                           .group:00000000 wm4.core_cm4.h.66.e4ff136c4a17abc46741866f64f8e729
                           .group:00000000 wm4.cmsis_gcc.h.26.48aa5dfcc4adf36b323cf9dbe32c793a
                           .group:00000000 wm4.core_cm4.h.174.824e0532337e90525b645435b961cc25
                           .group:00000000 wm4.mpu_armv7.h.32.7da498ea6f18d3b74a42202d7c1d394e
                           .group:00000000 wm4.system_XMC4500.h.42.99124977c10ca8844a71949adbeabd70
                           .group:00000000 wm4.XMC4500.h.208.b340195df97f067735c4c769ba59985a
                           .group:00000000 wm4.xmc_device.h.1460.8860499b404961ffcfbb8d1fefcb2146
                           .group:00000000 wm4.xmc_common.h.92.bbcf261068c7c74d7033b80d0dbf155c
                           .group:00000000 wm4.xmc4_scu.h.83.0449f5880ac071460ec1a8072311ea51

UNDEFINED SYMBOLS
XMC_SCU_CLOCK_EnableClock
XMC_SCU_RESET_DeassertPeripheralReset
XMC_SCU_RESET_AssertPeripheralReset
XMC_SCU_CLOCK_DisableClock
