   1              	 .syntax unified
   2              	 .cpu cortex-m4
   3              	 .eabi_attribute 27,3
   4              	 .eabi_attribute 28,1
   5              	 .fpu fpv4-sp-d16
   6              	 .eabi_attribute 23,1
   7              	 .eabi_attribute 24,1
   8              	 .eabi_attribute 25,1
   9              	 .eabi_attribute 26,1
  10              	 .eabi_attribute 30,1
  11              	 .eabi_attribute 34,1
  12              	 .eabi_attribute 18,4
  13              	 .thumb
  14              	 .file "dri_gpio_pins.cpp"
  15              	 .text
  16              	.Ltext0:
  17              	 .cfi_sections .debug_frame
  18              	 .section .text._ZN11GPIO_Pins__4initEv,"ax",%progbits
  19              	 .align 2
  20              	 .global _ZN11GPIO_Pins__4initEv
  21              	 .thumb
  22              	 .thumb_func
  24              	_ZN11GPIO_Pins__4initEv:
  25              	.LFB145:
  26              	 .file 1 "../Driver/GPIO/src/dri_gpio_pins.cpp"
   1:../Driver/GPIO/src/dri_gpio_pins.cpp **** /******************************************************************************
   2:../Driver/GPIO/src/dri_gpio_pins.cpp ****  * Copyright (c) 2019 - Hemant Sharma - All Rights Reserved
   3:../Driver/GPIO/src/dri_gpio_pins.cpp **** *
   4:../Driver/GPIO/src/dri_gpio_pins.cpp **** * Feel free to use this Code at your own risk for your own purposes.
   5:../Driver/GPIO/src/dri_gpio_pins.cpp **** *
   6:../Driver/GPIO/src/dri_gpio_pins.cpp **** *******************************************************************************/
   7:../Driver/GPIO/src/dri_gpio_pins.cpp **** /******************************************************************************
   8:../Driver/GPIO/src/dri_gpio_pins.cpp **** * Title:		GPIO API Source
   9:../Driver/GPIO/src/dri_gpio_pins.cpp **** * Filename:		dri_gpio_pins.cpp
  10:../Driver/GPIO/src/dri_gpio_pins.cpp **** * Author:		HS
  11:../Driver/GPIO/src/dri_gpio_pins.cpp **** * Origin Date:	10/01/2019
  12:../Driver/GPIO/src/dri_gpio_pins.cpp **** * Version:		1.0.0
  13:../Driver/GPIO/src/dri_gpio_pins.cpp **** * Notes:
  14:../Driver/GPIO/src/dri_gpio_pins.cpp **** *
  15:../Driver/GPIO/src/dri_gpio_pins.cpp **** * Change History
  16:../Driver/GPIO/src/dri_gpio_pins.cpp **** * --------------
  17:../Driver/GPIO/src/dri_gpio_pins.cpp **** *
  18:../Driver/GPIO/src/dri_gpio_pins.cpp **** *******************************************************************************/
  19:../Driver/GPIO/src/dri_gpio_pins.cpp **** 
  20:../Driver/GPIO/src/dri_gpio_pins.cpp **** /** @file:	dri_gpio_pins.cpp
  21:../Driver/GPIO/src/dri_gpio_pins.cpp ****  *  @brief:	This header file contains API function definitions for
  22:../Driver/GPIO/src/dri_gpio_pins.cpp ****  *  		GPIO pins information.
  23:../Driver/GPIO/src/dri_gpio_pins.cpp ****  */
  24:../Driver/GPIO/src/dri_gpio_pins.cpp **** 
  25:../Driver/GPIO/src/dri_gpio_pins.cpp **** 
  26:../Driver/GPIO/src/dri_gpio_pins.cpp **** /******************************************************************************
  27:../Driver/GPIO/src/dri_gpio_pins.cpp **** * Includes
  28:../Driver/GPIO/src/dri_gpio_pins.cpp **** *******************************************************************************/
  29:../Driver/GPIO/src/dri_gpio_pins.cpp **** #include <dri_gpio_pins.h>
  30:../Driver/GPIO/src/dri_gpio_pins.cpp **** 
  31:../Driver/GPIO/src/dri_gpio_pins.cpp **** 
  32:../Driver/GPIO/src/dri_gpio_pins.cpp **** /******************************************************************************
  33:../Driver/GPIO/src/dri_gpio_pins.cpp **** * Preprocessor Constants
  34:../Driver/GPIO/src/dri_gpio_pins.cpp **** *******************************************************************************/
  35:../Driver/GPIO/src/dri_gpio_pins.cpp **** 
  36:../Driver/GPIO/src/dri_gpio_pins.cpp **** 
  37:../Driver/GPIO/src/dri_gpio_pins.cpp **** /******************************************************************************
  38:../Driver/GPIO/src/dri_gpio_pins.cpp **** * Configuration Constants
  39:../Driver/GPIO/src/dri_gpio_pins.cpp **** *******************************************************************************/
  40:../Driver/GPIO/src/dri_gpio_pins.cpp **** 
  41:../Driver/GPIO/src/dri_gpio_pins.cpp **** #define UART_USED
  42:../Driver/GPIO/src/dri_gpio_pins.cpp **** #define CAN_USED
  43:../Driver/GPIO/src/dri_gpio_pins.cpp **** #define ETHERNET_USED
  44:../Driver/GPIO/src/dri_gpio_pins.cpp **** 
  45:../Driver/GPIO/src/dri_gpio_pins.cpp **** 
  46:../Driver/GPIO/src/dri_gpio_pins.cpp **** /******************************************************************************
  47:../Driver/GPIO/src/dri_gpio_pins.cpp **** * Macros
  48:../Driver/GPIO/src/dri_gpio_pins.cpp **** *******************************************************************************/
  49:../Driver/GPIO/src/dri_gpio_pins.cpp **** 
  50:../Driver/GPIO/src/dri_gpio_pins.cpp **** 
  51:../Driver/GPIO/src/dri_gpio_pins.cpp **** /******************************************************************************
  52:../Driver/GPIO/src/dri_gpio_pins.cpp **** * Typedefs
  53:../Driver/GPIO/src/dri_gpio_pins.cpp **** *******************************************************************************/
  54:../Driver/GPIO/src/dri_gpio_pins.cpp **** 
  55:../Driver/GPIO/src/dri_gpio_pins.cpp **** 
  56:../Driver/GPIO/src/dri_gpio_pins.cpp **** /******************************************************************************
  57:../Driver/GPIO/src/dri_gpio_pins.cpp **** * Variables
  58:../Driver/GPIO/src/dri_gpio_pins.cpp **** *******************************************************************************/
  59:../Driver/GPIO/src/dri_gpio_pins.cpp **** 
  60:../Driver/GPIO/src/dri_gpio_pins.cpp **** /*
  61:../Driver/GPIO/src/dri_gpio_pins.cpp ****  * @brief Array size used for Pin configuration
  62:../Driver/GPIO/src/dri_gpio_pins.cpp ****  */
  63:../Driver/GPIO/src/dri_gpio_pins.cpp **** static constexpr auto sg_pins_array_size (4);
  64:../Driver/GPIO/src/dri_gpio_pins.cpp **** 
  65:../Driver/GPIO/src/dri_gpio_pins.cpp **** /*
  66:../Driver/GPIO/src/dri_gpio_pins.cpp ****  * @brief Structure array used for Pin configuration
  67:../Driver/GPIO/src/dri_gpio_pins.cpp ****  */
  68:../Driver/GPIO/src/dri_gpio_pins.cpp **** static constexpr tStPinConfig sg_gpio_pins[::sg_pins_array_size] =
  69:../Driver/GPIO/src/dri_gpio_pins.cpp **** {
  70:../Driver/GPIO/src/dri_gpio_pins.cpp **** 	/** GPIO LEDs **/
  71:../Driver/GPIO/src/dri_gpio_pins.cpp **** 	{/**< Port information for LED GPIO Pin 0 on Port 1 */
  72:../Driver/GPIO/src/dri_gpio_pins.cpp **** 		XMC_GPIO_PORT1,
  73:../Driver/GPIO/src/dri_gpio_pins.cpp **** 		{
  74:../Driver/GPIO/src/dri_gpio_pins.cpp **** 			XMC_GPIO_MODE_OUTPUT_PUSH_PULL,
  75:../Driver/GPIO/src/dri_gpio_pins.cpp **** 			XMC_GPIO_OUTPUT_LEVEL_LOW,
  76:../Driver/GPIO/src/dri_gpio_pins.cpp **** 			XMC_GPIO_OUTPUT_STRENGTH_STRONG_SHARP_EDGE
  77:../Driver/GPIO/src/dri_gpio_pins.cpp **** 		},
  78:../Driver/GPIO/src/dri_gpio_pins.cpp **** 		0
  79:../Driver/GPIO/src/dri_gpio_pins.cpp **** 	},
  80:../Driver/GPIO/src/dri_gpio_pins.cpp **** 	{/**< Port information for LED GPIO Pin 1 on Port 1 */
  81:../Driver/GPIO/src/dri_gpio_pins.cpp **** 		XMC_GPIO_PORT1,
  82:../Driver/GPIO/src/dri_gpio_pins.cpp **** 		{
  83:../Driver/GPIO/src/dri_gpio_pins.cpp **** 			XMC_GPIO_MODE_OUTPUT_PUSH_PULL,
  84:../Driver/GPIO/src/dri_gpio_pins.cpp **** 			XMC_GPIO_OUTPUT_LEVEL_LOW,
  85:../Driver/GPIO/src/dri_gpio_pins.cpp **** 			XMC_GPIO_OUTPUT_STRENGTH_STRONG_SHARP_EDGE
  86:../Driver/GPIO/src/dri_gpio_pins.cpp **** 		},
  87:../Driver/GPIO/src/dri_gpio_pins.cpp **** 		1
  88:../Driver/GPIO/src/dri_gpio_pins.cpp **** 	},
  89:../Driver/GPIO/src/dri_gpio_pins.cpp **** 	/** UART over USIC pins **/
  90:../Driver/GPIO/src/dri_gpio_pins.cpp **** 	{/**< Port information for UART RX0 Pin 4 on Port 1, U0C0 */
  91:../Driver/GPIO/src/dri_gpio_pins.cpp **** 		XMC_GPIO_PORT1,
  92:../Driver/GPIO/src/dri_gpio_pins.cpp **** 		{
  93:../Driver/GPIO/src/dri_gpio_pins.cpp **** 			XMC_GPIO_MODE_INPUT_TRISTATE,
  94:../Driver/GPIO/src/dri_gpio_pins.cpp **** 			XMC_GPIO_OUTPUT_LEVEL_HIGH,
  95:../Driver/GPIO/src/dri_gpio_pins.cpp **** 			XMC_GPIO_OUTPUT_STRENGTH_STRONG_SOFT_EDGE
  96:../Driver/GPIO/src/dri_gpio_pins.cpp **** 		},
  97:../Driver/GPIO/src/dri_gpio_pins.cpp **** 		4
  98:../Driver/GPIO/src/dri_gpio_pins.cpp **** 	},
  99:../Driver/GPIO/src/dri_gpio_pins.cpp **** 	{/**< Port information for UART TX0 Pin 5 on Port 1, U0C0 */
 100:../Driver/GPIO/src/dri_gpio_pins.cpp **** 		XMC_GPIO_PORT1,
 101:../Driver/GPIO/src/dri_gpio_pins.cpp **** 		{
 102:../Driver/GPIO/src/dri_gpio_pins.cpp **** 			XMC_GPIO_MODE_OUTPUT_PUSH_PULL_ALT2,
 103:../Driver/GPIO/src/dri_gpio_pins.cpp **** 			XMC_GPIO_OUTPUT_LEVEL_HIGH,
 104:../Driver/GPIO/src/dri_gpio_pins.cpp **** 			XMC_GPIO_OUTPUT_STRENGTH_STRONG_SOFT_EDGE
 105:../Driver/GPIO/src/dri_gpio_pins.cpp **** 		},
 106:../Driver/GPIO/src/dri_gpio_pins.cpp **** 		5
 107:../Driver/GPIO/src/dri_gpio_pins.cpp **** 	}
 108:../Driver/GPIO/src/dri_gpio_pins.cpp **** };
 109:../Driver/GPIO/src/dri_gpio_pins.cpp **** 
 110:../Driver/GPIO/src/dri_gpio_pins.cpp **** 
 111:../Driver/GPIO/src/dri_gpio_pins.cpp **** #ifdef CAN_USED
 112:../Driver/GPIO/src/dri_gpio_pins.cpp **** /*
 113:../Driver/GPIO/src/dri_gpio_pins.cpp ****  * @brief Array size used for CAN Pin configuration
 114:../Driver/GPIO/src/dri_gpio_pins.cpp ****  */
 115:../Driver/GPIO/src/dri_gpio_pins.cpp **** static constexpr auto sg_can_gpio_pins_size (4);
 116:../Driver/GPIO/src/dri_gpio_pins.cpp **** 
 117:../Driver/GPIO/src/dri_gpio_pins.cpp **** /*
 118:../Driver/GPIO/src/dri_gpio_pins.cpp ****  * @brief Structure array used for CAN Pin configuration
 119:../Driver/GPIO/src/dri_gpio_pins.cpp ****  */
 120:../Driver/GPIO/src/dri_gpio_pins.cpp **** static constexpr tStPinConfig sg_can_gpio_pins[::sg_can_gpio_pins_size] =
 121:../Driver/GPIO/src/dri_gpio_pins.cpp **** {
 122:../Driver/GPIO/src/dri_gpio_pins.cpp **** 	{/**< CAN Node 1 Tx pin, Pin 12 on Port 1 */
 123:../Driver/GPIO/src/dri_gpio_pins.cpp **** 		XMC_GPIO_PORT1,
 124:../Driver/GPIO/src/dri_gpio_pins.cpp **** 		{
 125:../Driver/GPIO/src/dri_gpio_pins.cpp **** 			.mode = XMC_GPIO_MODE_OUTPUT_PUSH_PULL,
 126:../Driver/GPIO/src/dri_gpio_pins.cpp **** 			.output_level = XMC_GPIO_OUTPUT_LEVEL_LOW,
 127:../Driver/GPIO/src/dri_gpio_pins.cpp **** 			.output_strength = XMC_GPIO_OUTPUT_STRENGTH_STRONG_MEDIUM_EDGE
 128:../Driver/GPIO/src/dri_gpio_pins.cpp **** 		},
 129:../Driver/GPIO/src/dri_gpio_pins.cpp **** 		12
 130:../Driver/GPIO/src/dri_gpio_pins.cpp **** 	},
 131:../Driver/GPIO/src/dri_gpio_pins.cpp **** 	{/**< CAN Node 1 Rx pin, Pin 13 on Port 1 */
 132:../Driver/GPIO/src/dri_gpio_pins.cpp **** 		XMC_GPIO_PORT1,
 133:../Driver/GPIO/src/dri_gpio_pins.cpp **** 		{
 134:../Driver/GPIO/src/dri_gpio_pins.cpp **** 			.mode = XMC_GPIO_MODE_INPUT_TRISTATE,
 135:../Driver/GPIO/src/dri_gpio_pins.cpp **** 			.output_level = XMC_GPIO_OUTPUT_LEVEL_LOW,
 136:../Driver/GPIO/src/dri_gpio_pins.cpp **** 			.output_strength = XMC_GPIO_OUTPUT_STRENGTH_STRONG_MEDIUM_EDGE
 137:../Driver/GPIO/src/dri_gpio_pins.cpp **** 		},
 138:../Driver/GPIO/src/dri_gpio_pins.cpp **** 		13
 139:../Driver/GPIO/src/dri_gpio_pins.cpp **** 	},
 140:../Driver/GPIO/src/dri_gpio_pins.cpp **** 	{/**< CAN Node 2 Tx pin, Pin 9 on Port 1 */
 141:../Driver/GPIO/src/dri_gpio_pins.cpp **** 		XMC_GPIO_PORT1,
 142:../Driver/GPIO/src/dri_gpio_pins.cpp **** 		{
 143:../Driver/GPIO/src/dri_gpio_pins.cpp **** 			.mode = XMC_GPIO_MODE_OUTPUT_PUSH_PULL,
 144:../Driver/GPIO/src/dri_gpio_pins.cpp **** 			.output_level = XMC_GPIO_OUTPUT_LEVEL_LOW,
 145:../Driver/GPIO/src/dri_gpio_pins.cpp **** 			.output_strength = XMC_GPIO_OUTPUT_STRENGTH_STRONG_MEDIUM_EDGE
 146:../Driver/GPIO/src/dri_gpio_pins.cpp **** 		},
 147:../Driver/GPIO/src/dri_gpio_pins.cpp **** 		9
 148:../Driver/GPIO/src/dri_gpio_pins.cpp **** 	},
 149:../Driver/GPIO/src/dri_gpio_pins.cpp **** 	{/**< CAN Node 2 Rx pin, Pin 8 on Port 1 */
 150:../Driver/GPIO/src/dri_gpio_pins.cpp **** 		XMC_GPIO_PORT1,
 151:../Driver/GPIO/src/dri_gpio_pins.cpp **** 		{
 152:../Driver/GPIO/src/dri_gpio_pins.cpp **** 			.mode = XMC_GPIO_MODE_INPUT_TRISTATE,
 153:../Driver/GPIO/src/dri_gpio_pins.cpp **** 			.output_level = XMC_GPIO_OUTPUT_LEVEL_LOW,
 154:../Driver/GPIO/src/dri_gpio_pins.cpp **** 			.output_strength = XMC_GPIO_OUTPUT_STRENGTH_STRONG_MEDIUM_EDGE
 155:../Driver/GPIO/src/dri_gpio_pins.cpp **** 		},
 156:../Driver/GPIO/src/dri_gpio_pins.cpp **** 		8
 157:../Driver/GPIO/src/dri_gpio_pins.cpp **** 	}
 158:../Driver/GPIO/src/dri_gpio_pins.cpp **** };
 159:../Driver/GPIO/src/dri_gpio_pins.cpp **** #endif
 160:../Driver/GPIO/src/dri_gpio_pins.cpp **** 
 161:../Driver/GPIO/src/dri_gpio_pins.cpp **** 
 162:../Driver/GPIO/src/dri_gpio_pins.cpp **** #ifdef ETHERNET_USED
 163:../Driver/GPIO/src/dri_gpio_pins.cpp **** /*
 164:../Driver/GPIO/src/dri_gpio_pins.cpp ****  * @brief Array size used for Ethernet RMII Pin configuration
 165:../Driver/GPIO/src/dri_gpio_pins.cpp ****  */
 166:../Driver/GPIO/src/dri_gpio_pins.cpp **** static constexpr auto sg_eth_gpio_pins_size (10);
 167:../Driver/GPIO/src/dri_gpio_pins.cpp **** /*
 168:../Driver/GPIO/src/dri_gpio_pins.cpp ****  * @brief Structure array used for Ethernet Pin configuration
 169:../Driver/GPIO/src/dri_gpio_pins.cpp ****  */
 170:../Driver/GPIO/src/dri_gpio_pins.cpp **** static constexpr tStPinConfig sg_eth_gpio_pins[sg_eth_gpio_pins_size] =
 171:../Driver/GPIO/src/dri_gpio_pins.cpp **** {
 172:../Driver/GPIO/src/dri_gpio_pins.cpp ****     {/**< Port information for ETH_MDIO, Ethernet Channel 0 Pin 0 on Port 2 */
 173:../Driver/GPIO/src/dri_gpio_pins.cpp ****         XMC_GPIO_PORT2,
 174:../Driver/GPIO/src/dri_gpio_pins.cpp ****         {
 175:../Driver/GPIO/src/dri_gpio_pins.cpp ****             XMC_GPIO_MODE_INPUT_TRISTATE,
 176:../Driver/GPIO/src/dri_gpio_pins.cpp ****             XMC_GPIO_OUTPUT_LEVEL_LOW,
 177:../Driver/GPIO/src/dri_gpio_pins.cpp ****             XMC_GPIO_OUTPUT_STRENGTH_STRONG_SHARP_EDGE  /* Default Value */
 178:../Driver/GPIO/src/dri_gpio_pins.cpp ****         },
 179:../Driver/GPIO/src/dri_gpio_pins.cpp ****         0
 180:../Driver/GPIO/src/dri_gpio_pins.cpp ****     },
 181:../Driver/GPIO/src/dri_gpio_pins.cpp ****     {/**< Port information for ETH_RXD0, Ethernet Channel 0 Pin 2 on Port 2 */
 182:../Driver/GPIO/src/dri_gpio_pins.cpp ****         XMC_GPIO_PORT2,
 183:../Driver/GPIO/src/dri_gpio_pins.cpp ****         {
 184:../Driver/GPIO/src/dri_gpio_pins.cpp ****             XMC_GPIO_MODE_INPUT_TRISTATE,
 185:../Driver/GPIO/src/dri_gpio_pins.cpp ****             XMC_GPIO_OUTPUT_LEVEL_LOW,
 186:../Driver/GPIO/src/dri_gpio_pins.cpp ****             XMC_GPIO_OUTPUT_STRENGTH_STRONG_SHARP_EDGE  /* Default Value */
 187:../Driver/GPIO/src/dri_gpio_pins.cpp ****         },
 188:../Driver/GPIO/src/dri_gpio_pins.cpp ****         2
 189:../Driver/GPIO/src/dri_gpio_pins.cpp ****     },
 190:../Driver/GPIO/src/dri_gpio_pins.cpp ****     {/**< Port information for ETH_RXD1, Ethernet Channel 0 Pin 3 on Port 2 */
 191:../Driver/GPIO/src/dri_gpio_pins.cpp ****         XMC_GPIO_PORT2,
 192:../Driver/GPIO/src/dri_gpio_pins.cpp ****         {
 193:../Driver/GPIO/src/dri_gpio_pins.cpp ****             XMC_GPIO_MODE_INPUT_TRISTATE,
 194:../Driver/GPIO/src/dri_gpio_pins.cpp ****             XMC_GPIO_OUTPUT_LEVEL_LOW,
 195:../Driver/GPIO/src/dri_gpio_pins.cpp ****             XMC_GPIO_OUTPUT_STRENGTH_STRONG_SHARP_EDGE  /* Default Value */
 196:../Driver/GPIO/src/dri_gpio_pins.cpp ****         },
 197:../Driver/GPIO/src/dri_gpio_pins.cpp ****         3
 198:../Driver/GPIO/src/dri_gpio_pins.cpp ****     },
 199:../Driver/GPIO/src/dri_gpio_pins.cpp ****     {/**< Port information for ETH_RXER, Ethernet Channel 0 Pin 4 on Port 2 */
 200:../Driver/GPIO/src/dri_gpio_pins.cpp ****         XMC_GPIO_PORT2,
 201:../Driver/GPIO/src/dri_gpio_pins.cpp ****         {
 202:../Driver/GPIO/src/dri_gpio_pins.cpp ****             XMC_GPIO_MODE_INPUT_TRISTATE,
 203:../Driver/GPIO/src/dri_gpio_pins.cpp ****             XMC_GPIO_OUTPUT_LEVEL_LOW,
 204:../Driver/GPIO/src/dri_gpio_pins.cpp ****             XMC_GPIO_OUTPUT_STRENGTH_STRONG_SHARP_EDGE  /* Default Value */
 205:../Driver/GPIO/src/dri_gpio_pins.cpp ****         },
 206:../Driver/GPIO/src/dri_gpio_pins.cpp ****         4
 207:../Driver/GPIO/src/dri_gpio_pins.cpp ****     },
 208:../Driver/GPIO/src/dri_gpio_pins.cpp ****     {/**< Port information for ETH_CLK, Ethernet Channel 0 Pin 8 on Port 15 */
 209:../Driver/GPIO/src/dri_gpio_pins.cpp ****         XMC_GPIO_PORT15,
 210:../Driver/GPIO/src/dri_gpio_pins.cpp ****         {
 211:../Driver/GPIO/src/dri_gpio_pins.cpp ****             XMC_GPIO_MODE_INPUT_TRISTATE,
 212:../Driver/GPIO/src/dri_gpio_pins.cpp ****             XMC_GPIO_OUTPUT_LEVEL_LOW,
 213:../Driver/GPIO/src/dri_gpio_pins.cpp ****             XMC_GPIO_OUTPUT_STRENGTH_STRONG_SHARP_EDGE  /* Default Value */
 214:../Driver/GPIO/src/dri_gpio_pins.cpp ****         },
 215:../Driver/GPIO/src/dri_gpio_pins.cpp ****         8
 216:../Driver/GPIO/src/dri_gpio_pins.cpp ****     },
 217:../Driver/GPIO/src/dri_gpio_pins.cpp ****     {/**< Port information for ETH_CRS_DV, Ethernet Channel 0 Pin 9 on Port 15 */
 218:../Driver/GPIO/src/dri_gpio_pins.cpp ****         XMC_GPIO_PORT15,
 219:../Driver/GPIO/src/dri_gpio_pins.cpp ****         {
 220:../Driver/GPIO/src/dri_gpio_pins.cpp ****             XMC_GPIO_MODE_INPUT_TRISTATE,
 221:../Driver/GPIO/src/dri_gpio_pins.cpp ****             XMC_GPIO_OUTPUT_LEVEL_LOW,
 222:../Driver/GPIO/src/dri_gpio_pins.cpp ****             XMC_GPIO_OUTPUT_STRENGTH_STRONG_SHARP_EDGE  /* Default Value */
 223:../Driver/GPIO/src/dri_gpio_pins.cpp ****         },
 224:../Driver/GPIO/src/dri_gpio_pins.cpp ****         9
 225:../Driver/GPIO/src/dri_gpio_pins.cpp ****     },
 226:../Driver/GPIO/src/dri_gpio_pins.cpp ****     {/**< Port information ETH_MDC for Ethernet Channel 0 Pin 7 on Port 2 */
 227:../Driver/GPIO/src/dri_gpio_pins.cpp ****         XMC_GPIO_PORT2,
 228:../Driver/GPIO/src/dri_gpio_pins.cpp ****         {
 229:../Driver/GPIO/src/dri_gpio_pins.cpp ****             XMC_GPIO_MODE_OUTPUT_PUSH_PULL_ALT1,
 230:../Driver/GPIO/src/dri_gpio_pins.cpp ****             XMC_GPIO_OUTPUT_LEVEL_LOW,
 231:../Driver/GPIO/src/dri_gpio_pins.cpp ****             XMC_GPIO_OUTPUT_STRENGTH_STRONG_MEDIUM_EDGE
 232:../Driver/GPIO/src/dri_gpio_pins.cpp ****         },
 233:../Driver/GPIO/src/dri_gpio_pins.cpp ****         7
 234:../Driver/GPIO/src/dri_gpio_pins.cpp ****     },
 235:../Driver/GPIO/src/dri_gpio_pins.cpp ****     {/**< Port information for ETH_TXEN Ethernet Channel 0 Pin 5 on Port 2 */
 236:../Driver/GPIO/src/dri_gpio_pins.cpp ****         XMC_GPIO_PORT2,
 237:../Driver/GPIO/src/dri_gpio_pins.cpp ****         {
 238:../Driver/GPIO/src/dri_gpio_pins.cpp ****             XMC_GPIO_MODE_OUTPUT_PUSH_PULL_ALT1,
 239:../Driver/GPIO/src/dri_gpio_pins.cpp ****             XMC_GPIO_OUTPUT_LEVEL_LOW,
 240:../Driver/GPIO/src/dri_gpio_pins.cpp ****             XMC_GPIO_OUTPUT_STRENGTH_STRONG_MEDIUM_EDGE
 241:../Driver/GPIO/src/dri_gpio_pins.cpp ****         },
 242:../Driver/GPIO/src/dri_gpio_pins.cpp ****         5
 243:../Driver/GPIO/src/dri_gpio_pins.cpp ****     },
 244:../Driver/GPIO/src/dri_gpio_pins.cpp ****     {/**< Port information for ETH_TXD0 Ethernet Channel 0 Pin 8 on Port 2 */
 245:../Driver/GPIO/src/dri_gpio_pins.cpp ****         XMC_GPIO_PORT2,
 246:../Driver/GPIO/src/dri_gpio_pins.cpp ****         {
 247:../Driver/GPIO/src/dri_gpio_pins.cpp ****         	XMC_GPIO_MODE_OUTPUT_PUSH_PULL_ALT1,
 248:../Driver/GPIO/src/dri_gpio_pins.cpp ****             XMC_GPIO_OUTPUT_LEVEL_LOW,
 249:../Driver/GPIO/src/dri_gpio_pins.cpp **** 			XMC_GPIO_OUTPUT_STRENGTH_STRONG_MEDIUM_EDGE
 250:../Driver/GPIO/src/dri_gpio_pins.cpp ****         },
 251:../Driver/GPIO/src/dri_gpio_pins.cpp ****         8
 252:../Driver/GPIO/src/dri_gpio_pins.cpp ****     },
 253:../Driver/GPIO/src/dri_gpio_pins.cpp ****     {/**< Port information for ETH_TXD1 Ethernet Channel 0 Pin 9 on Port 2 */
 254:../Driver/GPIO/src/dri_gpio_pins.cpp ****         XMC_GPIO_PORT2,
 255:../Driver/GPIO/src/dri_gpio_pins.cpp ****         {
 256:../Driver/GPIO/src/dri_gpio_pins.cpp ****         	XMC_GPIO_MODE_OUTPUT_PUSH_PULL_ALT1,
 257:../Driver/GPIO/src/dri_gpio_pins.cpp ****             XMC_GPIO_OUTPUT_LEVEL_LOW,
 258:../Driver/GPIO/src/dri_gpio_pins.cpp **** 			XMC_GPIO_OUTPUT_STRENGTH_STRONG_MEDIUM_EDGE
 259:../Driver/GPIO/src/dri_gpio_pins.cpp ****         },
 260:../Driver/GPIO/src/dri_gpio_pins.cpp ****         9
 261:../Driver/GPIO/src/dri_gpio_pins.cpp ****     }
 262:../Driver/GPIO/src/dri_gpio_pins.cpp **** };
 263:../Driver/GPIO/src/dri_gpio_pins.cpp **** #endif
 264:../Driver/GPIO/src/dri_gpio_pins.cpp **** 
 265:../Driver/GPIO/src/dri_gpio_pins.cpp **** 
 266:../Driver/GPIO/src/dri_gpio_pins.cpp **** /******************************************************************************
 267:../Driver/GPIO/src/dri_gpio_pins.cpp **** * Function Definitions
 268:../Driver/GPIO/src/dri_gpio_pins.cpp **** *******************************************************************************/
 269:../Driver/GPIO/src/dri_gpio_pins.cpp **** 
 270:../Driver/GPIO/src/dri_gpio_pins.cpp **** /**
 271:../Driver/GPIO/src/dri_gpio_pins.cpp ****  * @function	init
 272:../Driver/GPIO/src/dri_gpio_pins.cpp ****  *
 273:../Driver/GPIO/src/dri_gpio_pins.cpp ****  * @brief		Pins initialization function
 274:../Driver/GPIO/src/dri_gpio_pins.cpp ****  *
 275:../Driver/GPIO/src/dri_gpio_pins.cpp ****  * <i>Imp Note:</i>
 276:../Driver/GPIO/src/dri_gpio_pins.cpp ****  * 				This function has to be called first in main or before main!
 277:../Driver/GPIO/src/dri_gpio_pins.cpp ****  *
 278:../Driver/GPIO/src/dri_gpio_pins.cpp ****  * 	Tasks:
 279:../Driver/GPIO/src/dri_gpio_pins.cpp ****  * 	1. CAN pins needs to be initialized if not working in Loopback mode
 280:../Driver/GPIO/src/dri_gpio_pins.cpp ****  *
 281:../Driver/GPIO/src/dri_gpio_pins.cpp ****  */
 282:../Driver/GPIO/src/dri_gpio_pins.cpp **** void GPIO_Pins__::init( void )
 283:../Driver/GPIO/src/dri_gpio_pins.cpp **** {
  27              	 .loc 1 283 0
  28              	 .cfi_startproc
  29              	 
  30              	 
  31 0000 38B5     	 push {r3,r4,r5,lr}
  32              	.LCFI0:
  33              	 .cfi_def_cfa_offset 16
  34              	 .cfi_offset 3,-16
  35              	 .cfi_offset 4,-12
  36              	 .cfi_offset 5,-8
  37              	 .cfi_offset 14,-4
  38              	.LVL0:
  39 0002 0F4D     	 ldr r5,.L7
  40 0004 2C1D     	 adds r4,r5,#4
  41 0006 5435     	 adds r5,r5,#84
  42              	.LVL1:
  43              	.L2:
  44              	.LBB2:
 284:../Driver/GPIO/src/dri_gpio_pins.cpp **** 	/* Local Variables */
 285:../Driver/GPIO/src/dri_gpio_pins.cpp **** 	unsigned char pins = 0;
 286:../Driver/GPIO/src/dri_gpio_pins.cpp **** 
 287:../Driver/GPIO/src/dri_gpio_pins.cpp **** 	/* Initialize Peripherals Pins */
 288:../Driver/GPIO/src/dri_gpio_pins.cpp **** 	for( pins = 0; pins < ::sg_pins_array_size; ++pins )
 289:../Driver/GPIO/src/dri_gpio_pins.cpp **** 	{
 290:../Driver/GPIO/src/dri_gpio_pins.cpp **** 		XMC_GPIO_Init( ::sg_gpio_pins[pins].p_port,
 291:../Driver/GPIO/src/dri_gpio_pins.cpp **** 						::sg_gpio_pins[pins].pin,
 292:../Driver/GPIO/src/dri_gpio_pins.cpp **** 						 &::sg_gpio_pins[pins].config
 293:../Driver/GPIO/src/dri_gpio_pins.cpp **** 		);
  45              	 .loc 1 293 0 discriminator 3
  46 0008 54F8040C 	 ldr r0,[r4,#-4]
  47 000c 217B     	 ldrb r1,[r4,#12]
  48 000e 2246     	 mov r2,r4
  49 0010 FFF7FEFF 	 bl XMC_GPIO_Init
  50              	.LVL2:
  51 0014 1434     	 adds r4,r4,#20
 288:../Driver/GPIO/src/dri_gpio_pins.cpp **** 	{
  52              	 .loc 1 288 0 discriminator 3
  53 0016 AC42     	 cmp r4,r5
  54 0018 F6D1     	 bne .L2
  55 001a 0A4D     	 ldr r5,.L7+4
  56 001c 2C1D     	 adds r4,r5,#4
  57 001e CC35     	 adds r5,r5,#204
  58              	.L3:
 294:../Driver/GPIO/src/dri_gpio_pins.cpp **** 	}
 295:../Driver/GPIO/src/dri_gpio_pins.cpp **** 
 296:../Driver/GPIO/src/dri_gpio_pins.cpp **** 	#ifdef ETHERNET_USED
 297:../Driver/GPIO/src/dri_gpio_pins.cpp ****     /* Initialize Ethernet pins */
 298:../Driver/GPIO/src/dri_gpio_pins.cpp ****     for( pins = 0; pins < ::sg_eth_gpio_pins_size; ++pins )
 299:../Driver/GPIO/src/dri_gpio_pins.cpp ****     {
 300:../Driver/GPIO/src/dri_gpio_pins.cpp ****         XMC_GPIO_Init( ::sg_eth_gpio_pins[pins].p_port,
 301:../Driver/GPIO/src/dri_gpio_pins.cpp ****                         ::sg_eth_gpio_pins[pins].pin,
 302:../Driver/GPIO/src/dri_gpio_pins.cpp ****                         &::sg_eth_gpio_pins[pins].config
 303:../Driver/GPIO/src/dri_gpio_pins.cpp ****                         );
  59              	 .loc 1 303 0 discriminator 3
  60 0020 54F8040C 	 ldr r0,[r4,#-4]
  61 0024 217B     	 ldrb r1,[r4,#12]
  62 0026 2246     	 mov r2,r4
  63 0028 FFF7FEFF 	 bl XMC_GPIO_Init
  64              	.LVL3:
  65 002c 1434     	 adds r4,r4,#20
 298:../Driver/GPIO/src/dri_gpio_pins.cpp ****     {
  66              	 .loc 1 298 0 discriminator 3
  67 002e AC42     	 cmp r4,r5
  68 0030 F6D1     	 bne .L3
 304:../Driver/GPIO/src/dri_gpio_pins.cpp ****     }
 305:../Driver/GPIO/src/dri_gpio_pins.cpp ****     /* Initialize HW functionality for Ethernet pins */
 306:../Driver/GPIO/src/dri_gpio_pins.cpp ****     XMC_GPIO_SetHardwareControl( ::sg_eth_gpio_pins[0].p_port, ::sg_eth_gpio_pins[0].pin,
 307:../Driver/GPIO/src/dri_gpio_pins.cpp ****                             XMC_GPIO_HWCTRL_PERIPHERAL1
 308:../Driver/GPIO/src/dri_gpio_pins.cpp ****                             );
  69              	 .loc 1 308 0
  70 0032 0548     	 ldr r0,.L7+8
  71 0034 0021     	 movs r1,#0
  72 0036 0122     	 movs r2,#1
  73 0038 FFF7FEFF 	 bl XMC_GPIO_SetHardwareControl
  74              	.LVL4:
  75 003c 38BD     	 pop {r3,r4,r5,pc}
  76              	.L8:
  77 003e 00BF     	 .align 2
  78              	.L7:
  79 0040 00000000 	 .word .LANCHOR0
  80 0044 00000000 	 .word .LANCHOR1
  81 0048 00820248 	 .word 1208123904
  82              	.LBE2:
  83              	 .cfi_endproc
  84              	.LFE145:
  86              	 .section .text.gpio_init_c,"ax",%progbits
  87              	 .align 2
  88              	 .global gpio_init_c
  89              	 .thumb
  90              	 .thumb_func
  92              	gpio_init_c:
  93              	.LFB146:
 309:../Driver/GPIO/src/dri_gpio_pins.cpp ****     #endif
 310:../Driver/GPIO/src/dri_gpio_pins.cpp **** }
 311:../Driver/GPIO/src/dri_gpio_pins.cpp **** 
 312:../Driver/GPIO/src/dri_gpio_pins.cpp **** 
 313:../Driver/GPIO/src/dri_gpio_pins.cpp **** /* Providing call to pins initialization for C */
 314:../Driver/GPIO/src/dri_gpio_pins.cpp **** extern "C"
 315:../Driver/GPIO/src/dri_gpio_pins.cpp **** {
 316:../Driver/GPIO/src/dri_gpio_pins.cpp **** 
 317:../Driver/GPIO/src/dri_gpio_pins.cpp **** void gpio_init_c( void );
 318:../Driver/GPIO/src/dri_gpio_pins.cpp **** void gpio_init_c( void )
 319:../Driver/GPIO/src/dri_gpio_pins.cpp **** {
  94              	 .loc 1 319 0
  95              	 .cfi_startproc
  96              	 
  97              	 
  98 0000 08B5     	 push {r3,lr}
  99              	.LCFI1:
 100              	 .cfi_def_cfa_offset 8
 101              	 .cfi_offset 3,-8
 102              	 .cfi_offset 14,-4
 320:../Driver/GPIO/src/dri_gpio_pins.cpp **** 	/* Initialize Hardware pins functionality options */
 321:../Driver/GPIO/src/dri_gpio_pins.cpp **** 	GPIO_Pins__::init();
 103              	 .loc 1 321 0
 104 0002 FFF7FEFF 	 bl _ZN11GPIO_Pins__4initEv
 105              	.LVL5:
 106 0006 08BD     	 pop {r3,pc}
 107              	 .cfi_endproc
 108              	.LFE146:
 110              	 .section .rodata._ZL16sg_eth_gpio_pins,"a",%progbits
 111              	 .align 2
 112              	 .set .LANCHOR1,.+0
 115              	_ZL16sg_eth_gpio_pins:
 116 0000 00820248 	 .word 1208123904
 117 0004 00       	 .byte 0
 118 0005 000000   	 .space 3
 119 0008 00000100 	 .word 65536
 120 000c 00       	 .byte 0
 121 000d 000000   	 .space 3
 122 0010 00       	 .byte 0
 123 0011 000000   	 .space 3
 124 0014 00820248 	 .word 1208123904
 125 0018 00       	 .byte 0
 126 0019 000000   	 .space 3
 127 001c 00000100 	 .word 65536
 128 0020 00       	 .byte 0
 129 0021 000000   	 .space 3
 130 0024 02       	 .byte 2
 131 0025 000000   	 .space 3
 132 0028 00820248 	 .word 1208123904
 133 002c 00       	 .byte 0
 134 002d 000000   	 .space 3
 135 0030 00000100 	 .word 65536
 136 0034 00       	 .byte 0
 137 0035 000000   	 .space 3
 138 0038 03       	 .byte 3
 139 0039 000000   	 .space 3
 140 003c 00820248 	 .word 1208123904
 141 0040 00       	 .byte 0
 142 0041 000000   	 .space 3
 143 0044 00000100 	 .word 65536
 144 0048 00       	 .byte 0
 145 0049 000000   	 .space 3
 146 004c 04       	 .byte 4
 147 004d 000000   	 .space 3
 148 0050 008F0248 	 .word 1208127232
 149 0054 00       	 .byte 0
 150 0055 000000   	 .space 3
 151 0058 00000100 	 .word 65536
 152 005c 00       	 .byte 0
 153 005d 000000   	 .space 3
 154 0060 08       	 .byte 8
 155 0061 000000   	 .space 3
 156 0064 008F0248 	 .word 1208127232
 157 0068 00       	 .byte 0
 158 0069 000000   	 .space 3
 159 006c 00000100 	 .word 65536
 160 0070 00       	 .byte 0
 161 0071 000000   	 .space 3
 162 0074 09       	 .byte 9
 163 0075 000000   	 .space 3
 164 0078 00820248 	 .word 1208123904
 165 007c 88       	 .byte -120
 166 007d 000000   	 .space 3
 167 0080 00000100 	 .word 65536
 168 0084 01       	 .byte 1
 169 0085 000000   	 .space 3
 170 0088 07       	 .byte 7
 171 0089 000000   	 .space 3
 172 008c 00820248 	 .word 1208123904
 173 0090 88       	 .byte -120
 174 0091 000000   	 .space 3
 175 0094 00000100 	 .word 65536
 176 0098 01       	 .byte 1
 177 0099 000000   	 .space 3
 178 009c 05       	 .byte 5
 179 009d 000000   	 .space 3
 180 00a0 00820248 	 .word 1208123904
 181 00a4 88       	 .byte -120
 182 00a5 000000   	 .space 3
 183 00a8 00000100 	 .word 65536
 184 00ac 01       	 .byte 1
 185 00ad 000000   	 .space 3
 186 00b0 08       	 .byte 8
 187 00b1 000000   	 .space 3
 188 00b4 00820248 	 .word 1208123904
 189 00b8 88       	 .byte -120
 190 00b9 000000   	 .space 3
 191 00bc 00000100 	 .word 65536
 192 00c0 01       	 .byte 1
 193 00c1 000000   	 .space 3
 194 00c4 09       	 .byte 9
 195 00c5 000000   	 .space 3
 196              	 .section .rodata._ZL12sg_gpio_pins,"a",%progbits
 197              	 .align 2
 198              	 .set .LANCHOR0,.+0
 201              	_ZL12sg_gpio_pins:
 202 0000 00810248 	 .word 1208123648
 203 0004 80       	 .byte -128
 204 0005 000000   	 .space 3
 205 0008 00000100 	 .word 65536
 206 000c 00       	 .byte 0
 207 000d 000000   	 .space 3
 208 0010 00       	 .byte 0
 209 0011 000000   	 .space 3
 210 0014 00810248 	 .word 1208123648
 211 0018 80       	 .byte -128
 212 0019 000000   	 .space 3
 213 001c 00000100 	 .word 65536
 214 0020 00       	 .byte 0
 215 0021 000000   	 .space 3
 216 0024 01       	 .byte 1
 217 0025 000000   	 .space 3
 218 0028 00810248 	 .word 1208123648
 219 002c 00       	 .byte 0
 220 002d 000000   	 .space 3
 221 0030 01000000 	 .word 1
 222 0034 02       	 .byte 2
 223 0035 000000   	 .space 3
 224 0038 04       	 .byte 4
 225 0039 000000   	 .space 3
 226 003c 00810248 	 .word 1208123648
 227 0040 90       	 .byte -112
 228 0041 000000   	 .space 3
 229 0044 01000000 	 .word 1
 230 0048 02       	 .byte 2
 231 0049 000000   	 .space 3
 232 004c 05       	 .byte 5
 233 004d 000000   	 .space 3
 234              	 .text
 235              	.Letext0:
 236              	 .file 2 "e:\\embedded\\dave_4-4-2_64bit_2018-02-23\\dave-ide-4.4.2-64bit\\eclipse\\arm-gcc-49\\arm-none-eabi\\include\\machine\\_default_types.h"
 237              	 .file 3 "e:\\embedded\\dave_4-4-2_64bit_2018-02-23\\dave-ide-4.4.2-64bit\\eclipse\\arm-gcc-49\\arm-none-eabi\\include\\stdint.h"
 238              	 .file 4 "E:/Embedded/Projects/XMC4500/Ethernet_CAN_XMC4500/Libraries/XMCLib/inc/xmc_gpio.h"
 239              	 .file 5 "E:/Embedded/Projects/XMC4500/Ethernet_CAN_XMC4500/Libraries/XMCLib/inc/xmc4_gpio.h"
 240              	 .file 6 "E:/Embedded/Projects/XMC4500/Ethernet_CAN_XMC4500/Driver/inc/dri_types.h"
 241              	 .file 7 "E:/Embedded/Projects/XMC4500/Ethernet_CAN_XMC4500/Driver/GPIO/inc/dri_gpio_pins.h"
 242              	 .file 8 "E:/Embedded/Projects/XMC4500/Ethernet_CAN_XMC4500/Libraries/CMSIS/Include/core_cm4.h"
DEFINED SYMBOLS
                            *ABS*:00000000 dri_gpio_pins.cpp
    {standard input}:19     .text._ZN11GPIO_Pins__4initEv:00000000 $t
    {standard input}:24     .text._ZN11GPIO_Pins__4initEv:00000000 _ZN11GPIO_Pins__4initEv
    {standard input}:79     .text._ZN11GPIO_Pins__4initEv:00000040 $d
    {standard input}:87     .text.gpio_init_c:00000000 $t
    {standard input}:92     .text.gpio_init_c:00000000 gpio_init_c
    {standard input}:111    .rodata._ZL16sg_eth_gpio_pins:00000000 $d
    {standard input}:115    .rodata._ZL16sg_eth_gpio_pins:00000000 _ZL16sg_eth_gpio_pins
    {standard input}:197    .rodata._ZL12sg_gpio_pins:00000000 $d
    {standard input}:201    .rodata._ZL12sg_gpio_pins:00000000 _ZL12sg_gpio_pins
                     .debug_frame:00000010 $d
                           .group:00000000 wm4.0.e7c5b1e8b8fe0dcc15cf6d98a7950411
                           .group:00000000 wm4.stddef.h.39.499c3e455b0ee3cbd031c0eac4c946b3
                           .group:00000000 wm4.stdint.h.4.659be5aa44c4ab4eb7c7cc2b24d8ceee
                           .group:00000000 wm4.features.h.22.bee0aee4a3878f51861c775df98fa3ea
                           .group:00000000 wm4._default_types.h.15.933e8edd27a65e0b69af4a865eb623d2
                           .group:00000000 wm4._intsup.h.10.ca9f32a61b410c270a48d1161ca2c217
                           .group:00000000 wm4.stdint.h.22.f4a337c398d8b6d821a97202448bc0d0
                           .group:00000000 wm4.stdbool.h.29.918586c125f920236001deb211f41e92
                           .group:00000000 wm4.newlib.h.8.fe7d912fc917043c98742c35eddd8cff
                           .group:00000000 wm4.config.h.216.aad1ef7bee4fb69981cb38ce62f84d9c
                           .group:00000000 wm4._ansi.h.23.1ee1144430bedaab1a14c7b57a6c8384
                           .group:00000000 wm4.lock.h.2.9bc98482741e5e2a9450b12934a684ea
                           .group:00000000 wm4._types.h.54.d3d34a3b7f3cc230cd159baf022b4b08
                           .group:00000000 wm4.stddef.h.158.e57d9a24f6f3b6eaa274e44743a335a7
                           .group:00000000 wm4.reent.h.17.8bd9e4098e0428508c282cad794fae43
                           .group:00000000 wm4.cdefs.h.47.ef1f74da16cdd7cc7d09e79a2291769d
                           .group:00000000 wm4.string.h.15.dab3980bf35408a4c507182805e2de3a
                           .group:00000000 wm4.stddef.h.158.bfd00fa34c523ce50423876e66a2d374
                           .group:00000000 wm4.xmc_device.h.61.ba2d082e12f51240746cffdd60d42b81
                           .group:00000000 wm4.XMC4500.h.55.9aa45b9b5790506b2dcb963e4e7adeaf
                           .group:00000000 wm4.cmsis_version.h.32.4d5822004c01a829a975260e854b5f8e
                           .group:00000000 wm4.core_cm4.h.66.e4ff136c4a17abc46741866f64f8e729
                           .group:00000000 wm4.cmsis_gcc.h.26.48aa5dfcc4adf36b323cf9dbe32c793a
                           .group:00000000 wm4.core_cm4.h.174.773c938fb04fd6c64450befdfae15e38
                           .group:00000000 wm4.mpu_armv7.h.32.7da498ea6f18d3b74a42202d7c1d394e
                           .group:00000000 wm4.system_XMC4500.h.42.99124977c10ca8844a71949adbeabd70
                           .group:00000000 wm4.XMC4500.h.208.b340195df97f067735c4c769ba59985a
                           .group:00000000 wm4.xmc_device.h.1460.8860499b404961ffcfbb8d1fefcb2146
                           .group:00000000 wm4.xmc_common.h.92.bbcf261068c7c74d7033b80d0dbf155c
                           .group:00000000 wm4.xmc_gpio.h.97.fa6a2e1be6030a75d960293cc3bbbd6b
                           .group:00000000 wm4.xmc4_gpio_map.h.74.66e9110cf801b78826ef5354da51c32f
                           .group:00000000 wm4.xmc4_gpio.h.79.ce6c49508b5a7769c66e7e3c21dcdfe4
                           .group:00000000 wm4.dri_types.h.39.161f94b021468f2f6263340b954bb37f

UNDEFINED SYMBOLS
XMC_GPIO_Init
XMC_GPIO_SetHardwareControl
