   1              	# 1 "../Startup/startup_XMC4500.s"
   1              	/*****************************************************************************/
   0              	
   0              	
   0              	
   2              	/* Startup_XMC4500.s: Startup file for XMC4500 device series                 */
   3              	/*****************************************************************************/
   4              	
   5              	/* ********************* Version History *********************************** */
   6              	/* ***************************************************************************
   7              	V1.0 , July 2011, First version for XIP profile
   8              	V1.1 , Oct  2011, Program loading code included (GH: b to main changed)
   9              	V1.2 , Nov, 01, 2011 GH :Removed second definition of section .Xmc4500.reset
  10              	                         at line 186.
  11              	V1.3 , Nov, 16, 2011 GH :Removed PMU0_1_IRQHandler and respective weak function
  12              	                         declaration.
  13              	V1.4 , Dec, 16, 2011 PKB:Jump to __Xmc4500_start_c reinstated for RTOS integration
  14              	V1.5 , Jan, 10, 2012 PKB:Migrated to GCC from ARM
  15              	V1.6 , Jan, 16, 2012 PKB:Branch prediction turned off, Parity errors cleared.
  16              	V1.7 , Apr, 17, 2012 PKB:Added decision function for PLL initialization
  17              	V1.8 , Apr, 20, 2012 PKB:Handshake with DAVE code engine added
  18              	V1.9 , Jun, 14, 2012 PKB:Removed the handshake protocol towards simplification
  19              	V1.10, Aug, 13, 2012 PKB:Flash Wait states handling
  20              	V1.11, Oct, 11, 2012 PKB:C++ support. Call to global constructors
  21              	V1.12, Jan, 23, 2013 PKB:XMC4 Prefetch bug workaround
  22              	**************************************************************************** */
  23              	/**
  24              	* @file     Startup_XMC4500.s
  25              	*           XMC4000 Device Series
  26              	* @version  V1.12
  27              	* @date     Jan 2013
  28              	*
  29              	Copyright (C) 2013 Infineon Technologies AG. All rights reserved.
  30              	*
  31              	*
  32              	* @par
  33              	* Infineon Technologies AG (Infineon) is supplying this software for use with
  34              	* Infineon's microcontrollers.  This file can be freely distributed
  35              	* within development tools that are supporting such microcontrollers.
  36              	*
  37              	* @par
  38              	* THIS SOFTWARE IS PROVIDED AS IS.  NO WARRANTIES, WHETHER EXPRESS, IMPLIED
  39              	* OR STATUTORY, INCLUDING, BUT NOT LIMITED TO, IMPLIED WARRANTIES OF
  40              	* MERCHANTABILITY AND FITNESS FOR A PARTICULAR PURPOSE APPLY TO THIS SOFTWARE.
  41              	* ARM SHALL NOT, IN ANY CIRCUMSTANCES, BE LIABLE FOR SPECIAL, INCIDENTAL, OR
  42              	* CONSEQUENTIAL DAMAGES, FOR ANY REASON WHATSOEVER.
  43              	*
  44              	******************************************************************************/
  45              	
  46              	
  47              	/* ===========START : MACRO DEFINITION MACRO DEFINITION ================== */
  48              	/*
  49              	 * STEP_AB and below have the prefetch bug. A veneer defined below will first
  50              	 * be executed which in turn branches to the final exception handler.
  51              	 *
  52              	 * In addition to defining the veneers, the vector table must for these buggy
  53              	 * devices contain the veneers.
  54              	 */
  55              	
  56              	/* A macro to setup a vector table entry based on STEP ID */
  57              	.macro Entry Handler
  58              	 #if (UC_STEP > STEP_AB)
  59              	   .long \Handler
  60              	 #else
  61              	   .long \Handler\()_Veneer
  62              	 #endif
  63              	.endm
  64              	
  65              	/* A macro to ease definition of the various handlers based on STEP ID */
  66              	#if (UC_STEP <= STEP_AB)
  67              	 /* First define the final exception handler */
  68              	 .macro Insert_ExceptionHandler Handler_Func
  69              	  .weak \Handler_Func
  71              	  \Handler_Func:
  72              	  B .
  74              	
  75              	  /* And then define a veneer that will branch to the final excp handler */
  76              	  .weak \Handler_Func\()_Veneer
  78              	  \Handler_Func\()_Veneer:
  79              	  LDR     R0, =\Handler_Func
  80              	  PUSH    {LR}
  81              	  BLX     R0
  82              	  POP     {PC}
  84              	 .endm
  85              	#else
  86              	 /* No prefetch bug, hence define only the final exception handler */
  87              	 .macro Insert_ExceptionHandler Handler_Func
  88              	  .weak \Handler_Func
  90              	  \Handler_Func:
  91              	  B .
  93              	 .endm
  94              	#endif
  95              	/* =============END : MACRO DEFINITION MACRO DEFINITION ================== */
  96              	
  97              	
  98              	/* ===========START : FNCTION DEFINITION FNCTION DEFINITION  ================== */
  99              	
 100              	
 101              	
 102              	/* =============END : FNCTION DEFINITION FNCTION DEFINITION ================== */
 103              	
 104              	
 105              	/* ================== START OF VECTOR TABLE DEFINITION ====================== */
 106              	/* Vector Table - This gets programed into VTOR register by onchip BootROM */
 107              	    .syntax unified
 108              	
 109              	    .section ".Xmc4500.reset"
 110              	    .globl  __Xmc4500_interrupt_vector_cortex_m
 112              	
 113              	__Xmc4500_interrupt_vector_cortex_m:
 114 0000 00000000 	    .long   __Xmc4500_stack             /* Top of Stack                 */
 115 0004 00000000 	    .long   __Xmc4500_reset_cortex_m    /* Reset Handler                */
 116              	
 117 0008 00000000 	    Entry   NMI_Handler                 /* NMI Handler                  */
 118 000c 00000000 	    Entry   HardFault_Handler           /* Hard Fault Handler           */
 119 0010 00000000 	    Entry   MemManage_Handler           /* MPU Fault Handler            */
 120 0014 00000000 	    Entry   BusFault_Handler            /* Bus Fault Handler            */
 121 0018 00000000 	    Entry   UsageFault_Handler          /* Usage Fault Handler          */
 122 001c 00000000 	    .long   0                           /* Reserved                     */
 123 0020 00000000 	    .long   0                           /* Reserved                     */
 124 0024 00000000 	    .long   0                           /* Reserved                     */
 125 0028 00000000 	    .long   0                           /* Reserved                     */
 126 002c 00000000 	    Entry   SVC_Handler                 /* SVCall Handler               */
 127 0030 00000000 	    Entry   DebugMon_Handler            /* Debug Monitor Handler        */
 128 0034 00000000 	    .long   0                           /* Reserved                     */
 129 0038 00000000 	    Entry   PendSV_Handler              /* PendSV Handler               */
 130 003c 00000000 	    Entry   SysTick_Handler             /* SysTick Handler              */
 131              	
 132              	    /* Interrupt Handlers for Service Requests (SR) from XMC4500 Peripherals */
 133 0040 00000000 	    Entry   SCU_0_IRQHandler            /* Handler name for SR SCU_0     */
 134 0044 00000000 	    Entry   ERU0_0_IRQHandler           /* Handler name for SR ERU0_0    */
 135 0048 00000000 	    Entry   ERU0_1_IRQHandler           /* Handler name for SR ERU0_1    */
 136 004c 00000000 	    Entry   ERU0_2_IRQHandler           /* Handler name for SR ERU0_2    */
 137 0050 00000000 	    Entry   ERU0_3_IRQHandler           /* Handler name for SR ERU0_3    */
 138 0054 00000000 	    Entry   ERU1_0_IRQHandler           /* Handler name for SR ERU1_0    */
 139 0058 00000000 	    Entry   ERU1_1_IRQHandler           /* Handler name for SR ERU1_1    */
 140 005c 00000000 	    Entry   ERU1_2_IRQHandler           /* Handler name for SR ERU1_2    */
 141 0060 00000000 	    Entry   ERU1_3_IRQHandler           /* Handler name for SR ERU1_3    */
 142 0064 00000000 	    .long   0                           /* Not Available                 */
 143 0068 00000000 	    .long   0                           /* Not Available                 */
 144 006c 00000000 	    .long   0                           /* Not Available                 */
 145 0070 00000000 	    Entry   PMU0_0_IRQHandler           /* Handler name for SR PMU0_0    */
 146 0074 00000000 	    .long   0                           /* Not Available                 */
 147 0078 00000000 	    Entry   VADC0_C0_0_IRQHandler       /* Handler name for SR VADC0_C0_0  */
 148 007c 00000000 	    Entry   VADC0_C0_1_IRQHandler       /* Handler name for SR VADC0_C0_1  */
 149 0080 00000000 	    Entry   VADC0_C0_2_IRQHandler       /* Handler name for SR VADC0_C0_1  */
 150 0084 00000000 	    Entry   VADC0_C0_3_IRQHandler       /* Handler name for SR VADC0_C0_3  */
 151 0088 00000000 	    Entry   VADC0_G0_0_IRQHandler       /* Handler name for SR VADC0_G0_0  */
 152 008c 00000000 	    Entry   VADC0_G0_1_IRQHandler       /* Handler name for SR VADC0_G0_1  */
 153 0090 00000000 	    Entry   VADC0_G0_2_IRQHandler       /* Handler name for SR VADC0_G0_2  */
 154 0094 00000000 	    Entry   VADC0_G0_3_IRQHandler       /* Handler name for SR VADC0_G0_3  */
 155 0098 00000000 	    Entry   VADC0_G1_0_IRQHandler       /* Handler name for SR VADC0_G1_0  */
 156 009c 00000000 	    Entry   VADC0_G1_1_IRQHandler       /* Handler name for SR VADC0_G1_1  */
 157 00a0 00000000 	    Entry   VADC0_G1_2_IRQHandler       /* Handler name for SR VADC0_G1_2  */
 158 00a4 00000000 	    Entry   VADC0_G1_3_IRQHandler       /* Handler name for SR VADC0_G1_3  */
 159 00a8 00000000 	    Entry   VADC0_G2_0_IRQHandler       /* Handler name for SR VADC0_G2_0  */
 160 00ac 00000000 	    Entry   VADC0_G2_1_IRQHandler       /* Handler name for SR VADC0_G2_1  */
 161 00b0 00000000 	    Entry   VADC0_G2_2_IRQHandler       /* Handler name for SR VADC0_G2_2  */
 162 00b4 00000000 	    Entry   VADC0_G2_3_IRQHandler       /* Handler name for SR VADC0_G2_3  */
 163 00b8 00000000 	    Entry   VADC0_G3_0_IRQHandler       /* Handler name for SR VADC0_G3_0  */
 164 00bc 00000000 	    Entry   VADC0_G3_1_IRQHandler       /* Handler name for SR VADC0_G3_1  */
 165 00c0 00000000 	    Entry   VADC0_G3_2_IRQHandler       /* Handler name for SR VADC0_G3_2  */
 166 00c4 00000000 	    Entry   VADC0_G3_3_IRQHandler       /* Handler name for SR VADC0_G3_3  */
 167 00c8 00000000 	    Entry   DSD0_0_IRQHandler           /* Handler name for SR DSD0_0    */
 168 00cc 00000000 	    Entry   DSD0_1_IRQHandler           /* Handler name for SR DSD0_1    */
 169 00d0 00000000 	    Entry   DSD0_2_IRQHandler           /* Handler name for SR DSD0_2    */
 170 00d4 00000000 	    Entry   DSD0_3_IRQHandler           /* Handler name for SR DSD0_3    */
 171 00d8 00000000 	    Entry   DSD0_4_IRQHandler           /* Handler name for SR DSD0_4    */
 172 00dc 00000000 	    Entry   DSD0_5_IRQHandler           /* Handler name for SR DSD0_5    */
 173 00e0 00000000 	    Entry   DSD0_6_IRQHandler           /* Handler name for SR DSD0_6    */
 174 00e4 00000000 	    Entry   DSD0_7_IRQHandler           /* Handler name for SR DSD0_7    */
 175 00e8 00000000 	    Entry   DAC0_0_IRQHandler           /* Handler name for SR DAC0_0    */
 176 00ec 00000000 	    Entry   DAC0_1_IRQHandler           /* Handler name for SR DAC0_0    */
 177 00f0 00000000 	    Entry   CCU40_0_IRQHandler          /* Handler name for SR CCU40_0   */
 178 00f4 00000000 	    Entry   CCU40_1_IRQHandler          /* Handler name for SR CCU40_1   */
 179 00f8 00000000 	    Entry   CCU40_2_IRQHandler          /* Handler name for SR CCU40_2   */
 180 00fc 00000000 	    Entry   CCU40_3_IRQHandler          /* Handler name for SR CCU40_3   */
 181 0100 00000000 	    Entry   CCU41_0_IRQHandler          /* Handler name for SR CCU41_0   */
 182 0104 00000000 	    Entry   CCU41_1_IRQHandler          /* Handler name for SR CCU41_1   */
 183 0108 00000000 	    Entry   CCU41_2_IRQHandler          /* Handler name for SR CCU41_2   */
 184 010c 00000000 	    Entry   CCU41_3_IRQHandler          /* Handler name for SR CCU41_3   */
 185 0110 00000000 	    Entry   CCU42_0_IRQHandler          /* Handler name for SR CCU42_0   */
 186 0114 00000000 	    Entry   CCU42_1_IRQHandler          /* Handler name for SR CCU42_1   */
 187 0118 00000000 	    Entry   CCU42_2_IRQHandler          /* Handler name for SR CCU42_2   */
 188 011c 00000000 	    Entry   CCU42_3_IRQHandler          /* Handler name for SR CCU42_3   */
 189 0120 00000000 	    Entry   CCU43_0_IRQHandler          /* Handler name for SR CCU43_0   */
 190 0124 00000000 	    Entry   CCU43_1_IRQHandler          /* Handler name for SR CCU43_1   */
 191 0128 00000000 	    Entry   CCU43_2_IRQHandler          /* Handler name for SR CCU43_2   */
 192 012c 00000000 	    Entry   CCU43_3_IRQHandler          /* Handler name for SR CCU43_3   */
 193 0130 00000000 	    Entry   CCU80_0_IRQHandler          /* Handler name for SR CCU80_0   */
 194 0134 00000000 	    Entry   CCU80_1_IRQHandler          /* Handler name for SR CCU80_1   */
 195 0138 00000000 	    Entry   CCU80_2_IRQHandler          /* Handler name for SR CCU80_2   */
 196 013c 00000000 	    Entry   CCU80_3_IRQHandler          /* Handler name for SR CCU80_3   */
 197 0140 00000000 	    Entry   CCU81_0_IRQHandler          /* Handler name for SR CCU81_0   */
 198 0144 00000000 	    Entry   CCU81_1_IRQHandler          /* Handler name for SR CCU81_1   */
 199 0148 00000000 	    Entry   CCU81_2_IRQHandler          /* Handler name for SR CCU81_2   */
 200 014c 00000000 	    Entry   CCU81_3_IRQHandler          /* Handler name for SR CCU81_3   */
 201 0150 00000000 	    Entry   POSIF0_0_IRQHandler         /* Handler name for SR POSIF0_0  */
 202 0154 00000000 	    Entry   POSIF0_1_IRQHandler         /* Handler name for SR POSIF0_1  */
 203 0158 00000000 	    Entry   POSIF1_0_IRQHandler         /* Handler name for SR POSIF1_0  */
 204 015c 00000000 	    Entry   POSIF1_1_IRQHandler         /* Handler name for SR POSIF1_1  */
 205 0160 00000000 	    .long   0                           /* Not Available                 */
 206 0164 00000000 	    .long   0                           /* Not Available                 */
 207 0168 00000000 	    .long   0                           /* Not Available                 */
 208 016c 00000000 	    .long   0                           /* Not Available                 */
 209 0170 00000000 	    Entry   CAN0_0_IRQHandler           /* Handler name for SR CAN0_0    */
 210 0174 00000000 	    Entry   CAN0_1_IRQHandler           /* Handler name for SR CAN0_1    */
 211 0178 00000000 	    Entry   CAN0_2_IRQHandler           /* Handler name for SR CAN0_2    */
 212 017c 00000000 	    Entry   CAN0_3_IRQHandler           /* Handler name for SR CAN0_3    */
 213 0180 00000000 	    Entry   CAN0_4_IRQHandler           /* Handler name for SR CAN0_4    */
 214 0184 00000000 	    Entry   CAN0_5_IRQHandler           /* Handler name for SR CAN0_5    */
 215 0188 00000000 	    Entry   CAN0_6_IRQHandler           /* Handler name for SR CAN0_6    */
 216 018c 00000000 	    Entry   CAN0_7_IRQHandler           /* Handler name for SR CAN0_7    */
 217 0190 00000000 	    Entry   USIC0_0_IRQHandler          /* Handler name for SR USIC0_0   */
 218 0194 00000000 	    Entry   USIC0_1_IRQHandler          /* Handler name for SR USIC0_1   */
 219 0198 00000000 	    Entry   USIC0_2_IRQHandler          /* Handler name for SR USIC0_2   */
 220 019c 00000000 	    Entry   USIC0_3_IRQHandler          /* Handler name for SR USIC0_3   */
 221 01a0 00000000 	    Entry   USIC0_4_IRQHandler          /* Handler name for SR USIC0_4   */
 222 01a4 00000000 	    Entry   USIC0_5_IRQHandler          /* Handler name for SR USIC0_5   */
 223 01a8 00000000 	    Entry   USIC1_0_IRQHandler          /* Handler name for SR USIC1_0   */
 224 01ac 00000000 	    Entry   USIC1_1_IRQHandler          /* Handler name for SR USIC1_1   */
 225 01b0 00000000 	    Entry   USIC1_2_IRQHandler          /* Handler name for SR USIC1_2   */
 226 01b4 00000000 	    Entry   USIC1_3_IRQHandler          /* Handler name for SR USIC1_3   */
 227 01b8 00000000 	    Entry   USIC1_4_IRQHandler          /* Handler name for SR USIC1_4   */
 228 01bc 00000000 	    Entry   USIC1_5_IRQHandler          /* Handler name for SR USIC1_5   */
 229 01c0 00000000 	    Entry   USIC2_0_IRQHandler          /* Handler name for SR USIC2_0   */
 230 01c4 00000000 	    Entry   USIC2_1_IRQHandler          /* Handler name for SR USIC2_1   */
 231 01c8 00000000 	    Entry   USIC2_2_IRQHandler          /* Handler name for SR USIC2_2   */
 232 01cc 00000000 	    Entry   USIC2_3_IRQHandler          /* Handler name for SR USIC2_3   */
 233 01d0 00000000 	    Entry   USIC2_4_IRQHandler          /* Handler name for SR USIC2_4   */
 234 01d4 00000000 	    Entry   USIC2_5_IRQHandler          /* Handler name for SR USIC2_5   */
 235 01d8 00000000 	    Entry   LEDTS0_0_IRQHandler         /* Handler name for SR LEDTS0_0  */
 236 01dc 00000000 	    .long   0                           /* Not Available                 */
 237 01e0 00000000 	    Entry   FCE0_0_IRQHandler           /* Handler name for SR FCE0_0    */
 238 01e4 00000000 	    Entry   GPDMA0_0_IRQHandler         /* Handler name for SR GPDMA0_0  */
 239 01e8 00000000 	    Entry   SDMMC0_0_IRQHandler         /* Handler name for SR SDMMC0_0  */
 240 01ec 00000000 	    Entry   USB0_0_IRQHandler           /* Handler name for SR USB0_0    */
 241 01f0 00000000 	    Entry   ETH0_0_IRQHandler           /* Handler name for SR ETH0_0    */
 242 01f4 00000000 	    .long   0                           /* Not Available                 */
 243 01f8 00000000 	    Entry   GPDMA1_0_IRQHandler         /* Handler name for SR GPDMA1_0  */
 244 01fc 00000000 	    .long   0                           /* Not Available                 */
 245              	
 247              	/* ================== END OF VECTOR TABLE DEFINITION ======================= */
 248              	
 249              	/* ================== START OF VECTOR ROUTINES ============================= */
 250              	    .thumb
 251              	/* ======================================================================== */
 252              	/* Reset Handler */
 253              	
 254              	    .thumb_func
 255              	    .globl  __Xmc4500_reset_cortex_m
 257              	__Xmc4500_reset_cortex_m:
 258              	    .fnstart
 259              	
 260              	    /* C routines are likely to be called. Setup the stack now */
 261              	    /* This is already setup by BootROM,hence this step is optional */
 262 0200 DFF80CD0 	    LDR SP,=__Xmc4500_stack
 263              	
 264              	    /* Clock tree, External memory setup etc may be done here */
 265 0204 0348     	    LDR     R0, =SystemInit
 266 0206 8047     	    BLX     R0
 267              	
 268              	/*
 269              	   SystemInit_DAVE4() is provided by DAVE3 code generation engine. It is
 270              	   weakly defined here though for a potential override.
 271              	*/
 272 0208 0348     	    LDR     R0, =SystemInit_DAVE4
 273 020a 8047     	    BLX     R0
 274              	
 275 020c FFF7FEBF 	    B       __Xmc4500_Program_Loader
 276              	
 277 0210 00000000 	    .pool
 277      00000000 
 277      00000000 
 278              	    .cantunwind
 279              	    .fnend
 281              	/* ======================================================================== */
 282              	/* __Xmc4500_reset must yield control to __Xmc4500_Program_Loader before control
 283              	   to C land is given */
 284              	   .section .Xmc4500.postreset,"x",%progbits
 285              	   __Xmc4500_Program_Loader:
 286              	   .fnstart
 287              	   /* Memories are accessible now*/
 288              	
 289              	   /* DATA COPY */
 290              	   /* R0 = Start address, R1 = Destination address, R2 = Size */
 291 0000 2548     	   LDR R0, =eROData
 292 0002 2649     	   LDR R1, =__Xmc4500_sData
 293 0004 264A     	   LDR R2, =__Xmc4500_Data_Size
 294              	
 295              	   /* Is there anything to be copied? */
 296 0006 002A     	   CMP R2,#0
 297 0008 0ED0     	   BEQ RAMCODE_COPY
 298              	
 299              	   /* For bytecount less than 4, at least 1 word must be copied */
 300 000a 042A     	   CMP R2,#4
 301 000c 01D2     	   BCS STARTCOPY
 302              	
 303              	   /* Byte count < 4 ; so bump it up */
 304 000e 4FF00402 	   MOV R2,#4
 305              	
 306              	STARTCOPY:
 307              	   /*
 308              	      R2 contains byte count. Change it to word count. It is ensured in the
 309              	      linker script that the length is always word aligned.
 310              	   */
 311 0012 4FEA9202 	   LSR R2,R2,#2 /* Divide by 4 to obtain word count */
 312              	
 313              	   /* The proverbial loop from the schooldays */
 314              	COPYLOOP:
 315 0016 0368     	   LDR R3,[R0]
 316 0018 0B60     	   STR R3,[R1]
 317 001a 013A     	   SUBS R2,#1
 318 001c 04D0     	   BEQ RAMCODE_COPY
 319 001e 00F10400 	   ADD R0,#4
 320 0022 01F10401 	   ADD R1,#4
 321 0026 F6E7     	   B COPYLOOP
 322              	
 323              	/* TODO: Check authenticity by Static Code Analyzer for Code Placements */
 324              	RAMCODE_COPY:
 325              	   /* RAM CODE COPY */
 326              	   /* R0 = Start address, R1 = Destination address, R2 = Size */
 327 0028 1E48     	   LDR R0, =__Xmc4500_Ram_Code_Load
 328 002a 1F49     	   LDR R1, =__Xmc4500_sRamCode
 329 002c 1F4A     	   LDR R2, =__Xmc4500_Ram_Code_Size
 330              	
 331              	   /* Is there anything to be copied? */
 332 002e 002A     	   CMP R2,#0
 333 0030 0ED0     	   BEQ SKIPCOPY
 334              	
 335              	   /* For bytecount less than 4, at least 1 word must be copied */
 336 0032 042A     	   CMP R2,#4
 337 0034 01D2     	   BCS RAMCODE_STARTCOPY
 338              	
 339              	   /* Byte count < 4 ; so bump it up */
 340 0036 4FF00402 	   MOV R2,#4
 341              	
 342              	RAMCODE_STARTCOPY:
 343              	   /*
 344              	      R2 contains byte count. Change it to word count. It is ensured in the
 345              	      linker script that the length is always word aligned.
 346              	   */
 347 003a 4FEA9202 	   LSR R2,R2,#2 /* Divide by 4 to obtain word count */
 348              	
 349              	   /* The proverbial loop from the schooldays */
 350              	RAMCODE_COPYLOOP:
 351 003e 0368     	   LDR R3,[R0]
 352 0040 0B60     	   STR R3,[R1]
 353 0042 013A     	   SUBS R2,#1
 354 0044 04D0     	   BEQ SKIPCOPY
 355 0046 00F10400 	   ADD R0,#4
 356 004a 01F10401 	   ADD R1,#4
 357 004e F6E7     	   B RAMCODE_COPYLOOP
 358              	
 359              	
 360              	SKIPCOPY:
 361              	   /* BSS CLEAR */
 362 0050 1748     	   LDR R0, =__Xmc4500_sBSS     /* Start of BSS */
 363 0052 1849     	   LDR R1, =__Xmc4500_BSS_Size /* BSS size in bytes */
 364              	
 365              	   /* Find out if there are items assigned to BSS */
 366 0054 0029     	   CMP R1,#0
 367 0056 0DD0     	   BEQ SKIPCLEAR
 368              	
 369              	   /* At least 1 word must be copied */
 370 0058 0429     	   CMP R1,#4
 371 005a 01D2     	   BCS STARTCLEAR
 372              	
 373              	   /* Byte count < 4 ; so bump it up to a word*/
 374 005c 4FF00401 	   MOV R1,#4
 375              	
 376              	STARTCLEAR:
 377 0060 4FEA9101 	   LSR R1,R1,#2            /* BSS size in words */
 378              	
 379 0064 4FF00002 	   MOV R2,#0
 380              	CLEARLOOP:
 381 0068 0260     	   STR R2,[R0]
 382 006a 0139     	   SUBS R1,#1
 383 006c 02D0     	   BEQ SKIPCLEAR
 384 006e 00F10400 	   ADD R0,#4
 385 0072 F9E7     	   B CLEARLOOP
 386              	
 387              	SKIPCLEAR:
 388              	   /* Remap vector table */
 389              	   /* This is already setup by BootROM,hence this step is optional */
 390 0074 1048     	   LDR R0, =__Xmc4500_interrupt_vector_cortex_m
 391 0076 1149     	   LDR R1, =SCB_VTOR
 392 0078 0860     	   STR R0,[R1]
 393              	
 394              	   /* Update System Clock */
 395 007a 1148     	   LDR R0,=SystemCoreClockUpdate
 396 007c 8047     	   BLX R0
 397              	
 398              	   /* C++ : Call global constructors */
 399              	   #ifndef __SKIP_LIBC_INIT_ARRAY
 400 007e 1148     	   LDR R0,=__libc_init_array
 401 0080 8047     	   BLX R0
 402              	   #endif   /* __SKIP_LIBC_INIT_ARRAY */
 403              	
 404              	   /* Reset stack pointer before zipping off to user application, Optional */
 405 0082 DFF844D0 	   LDR SP,=__Xmc4500_stack
 406 0086 4FF00000 	   MOV R0,#0
 407 008a 4FF00001 	   MOV R1,#0
 408              	   /* Call user defined initialization functions */
 409 008e 0F48     	   LDR R0,=init_user_before_main
 410 0090 8047     	   BLX R0
 411              	   /* Start off to main entry */
 412 0092 DFF83CF0 	   LDR PC, =main
 413 0096 00000000 	   .pool
 413      00000000 
 413      00000000 
 413      00000000 
 413      00000000 
 414              	   .cantunwind
 415              	   .fnend
 417              	/* ======================================================================== */
 418              	/* ========== START OF EXCEPTION HANDLER DEFINITION ======================== */
 419              	
 420              	
 421              	/* Default exception Handlers - Users may override this default functionality by
 422              	   defining handlers of the same name in their C code */
 423              	    .thumb
 424              	    .text
 425              	
 426 0000 FEE7DFF8 	     Insert_ExceptionHandler NMI_Handler
 426      6C0400B5 
 426      804700BD 
 427              	/* ======================================================================== */
 428 000c FEE7DFF8 	     Insert_ExceptionHandler HardFault_Handler
 428      640400B5 
 428      804700BD 
 429              	/* ======================================================================== */
 430 0018 FEE7DFF8 	     Insert_ExceptionHandler MemManage_Handler
 430      5C0400B5 
 430      804700BD 
 431              	/* ======================================================================== */
 432 0024 FEE7DFF8 	     Insert_ExceptionHandler BusFault_Handler
 432      540400B5 
 432      804700BD 
 433              	/* ======================================================================== */
 434 0030 FEE7DFF8 	     Insert_ExceptionHandler UsageFault_Handler
 434      4C0400B5 
 434      804700BD 
 435              	/* ======================================================================== */
 436 003c FEE7DFF8 	     Insert_ExceptionHandler SVC_Handler
 436      440400B5 
 436      804700BD 
 437              	/* ======================================================================== */
 438 0048 FEE7DFF8 	     Insert_ExceptionHandler DebugMon_Handler
 438      3C0400B5 
 438      804700BD 
 439              	/* ======================================================================== */
 440 0054 FEE7DFF8 	     Insert_ExceptionHandler PendSV_Handler
 440      340400B5 
 440      804700BD 
 441              	/* ======================================================================== */
 442 0060 FEE7DFF8 	     Insert_ExceptionHandler SysTick_Handler
 442      2C0400B5 
 442      804700BD 
 443              	
 444              	/* ============= END OF EXCEPTION HANDLER DEFINITION ======================== */
 445              	
 446              	/* ============= START OF INTERRUPT HANDLER DEFINITION ====================== */
 447              	
 448              	/* IRQ Handlers */
 449 006c FEE7DFF8 	     Insert_ExceptionHandler SCU_0_IRQHandler
 449      240400B5 
 449      804700BD 
 450              	/* ======================================================================== */
 451 0078 FEE7DFF8 	     Insert_ExceptionHandler ERU0_0_IRQHandler
 451      1C0400B5 
 451      804700BD 
 452              	/* ======================================================================== */
 453 0084 FEE7DFF8 	     Insert_ExceptionHandler ERU0_1_IRQHandler
 453      140400B5 
 453      804700BD 
 454              	/* ======================================================================== */
 455 0090 FEE7DFF8 	     Insert_ExceptionHandler ERU0_2_IRQHandler
 455      0C0400B5 
 455      804700BD 
 456              	/* ======================================================================== */
 457 009c FEE7DFF8 	     Insert_ExceptionHandler ERU0_3_IRQHandler
 457      040400B5 
 457      804700BD 
 458              	/* ======================================================================== */
 459 00a8 FEE7FF48 	     Insert_ExceptionHandler ERU1_0_IRQHandler
 459      00B58047 
 459      00BD
 460              	/* ======================================================================== */
 461 00b2 FEE7FD48 	     Insert_ExceptionHandler ERU1_1_IRQHandler
 461      00B58047 
 461      00BD
 462              	/* ======================================================================== */
 463 00bc FEE7FC48 	     Insert_ExceptionHandler ERU1_2_IRQHandler
 463      00B58047 
 463      00BD
 464              	/* ======================================================================== */
 465 00c6 FEE7FA48 	     Insert_ExceptionHandler ERU1_3_IRQHandler
 465      00B58047 
 465      00BD
 466              	/* ======================================================================== */
 467 00d0 FEE7F948 	     Insert_ExceptionHandler PMU0_0_IRQHandler
 467      00B58047 
 467      00BD
 468              	/* ======================================================================== */
 469 00da FEE7F748 	     Insert_ExceptionHandler VADC0_C0_0_IRQHandler
 469      00B58047 
 469      00BD
 470              	/* ======================================================================== */
 471 00e4 FEE7F648 	     Insert_ExceptionHandler VADC0_C0_1_IRQHandler
 471      00B58047 
 471      00BD
 472              	/* ======================================================================== */
 473 00ee FEE7F448 	     Insert_ExceptionHandler VADC0_C0_2_IRQHandler
 473      00B58047 
 473      00BD
 474              	/* ======================================================================== */
 475 00f8 FEE7F348 	     Insert_ExceptionHandler VADC0_C0_3_IRQHandler
 475      00B58047 
 475      00BD
 476              	/* ======================================================================== */
 477 0102 FEE7F148 	     Insert_ExceptionHandler VADC0_G0_0_IRQHandler
 477      00B58047 
 477      00BD
 478              	/* ======================================================================== */
 479 010c FEE7F048 	     Insert_ExceptionHandler VADC0_G0_1_IRQHandler
 479      00B58047 
 479      00BD
 480              	/* ======================================================================== */
 481 0116 FEE7EE48 	     Insert_ExceptionHandler VADC0_G0_2_IRQHandler
 481      00B58047 
 481      00BD
 482              	/* ======================================================================== */
 483 0120 FEE7ED48 	     Insert_ExceptionHandler VADC0_G0_3_IRQHandler
 483      00B58047 
 483      00BD
 484              	/* ======================================================================== */
 485 012a FEE7EB48 	     Insert_ExceptionHandler VADC0_G1_0_IRQHandler
 485      00B58047 
 485      00BD
 486              	/* ======================================================================== */
 487 0134 FEE7EA48 	     Insert_ExceptionHandler VADC0_G1_1_IRQHandler
 487      00B58047 
 487      00BD
 488              	/* ======================================================================== */
 489 013e FEE7E848 	     Insert_ExceptionHandler VADC0_G1_2_IRQHandler
 489      00B58047 
 489      00BD
 490              	/* ======================================================================== */
 491 0148 FEE7E748 	     Insert_ExceptionHandler VADC0_G1_3_IRQHandler
 491      00B58047 
 491      00BD
 492              	/* ======================================================================== */
 493 0152 FEE7E548 	     Insert_ExceptionHandler VADC0_G2_0_IRQHandler
 493      00B58047 
 493      00BD
 494              	/* ======================================================================== */
 495 015c FEE7E448 	     Insert_ExceptionHandler VADC0_G2_1_IRQHandler
 495      00B58047 
 495      00BD
 496              	/* ======================================================================== */
 497 0166 FEE7E248 	     Insert_ExceptionHandler VADC0_G2_2_IRQHandler
 497      00B58047 
 497      00BD
 498              	/* ======================================================================== */
 499 0170 FEE7E148 	     Insert_ExceptionHandler VADC0_G2_3_IRQHandler
 499      00B58047 
 499      00BD
 500              	/* ======================================================================== */
 501 017a FEE7DF48 	     Insert_ExceptionHandler VADC0_G3_0_IRQHandler
 501      00B58047 
 501      00BD
 502              	/* ======================================================================== */
 503 0184 FEE7DE48 	     Insert_ExceptionHandler VADC0_G3_1_IRQHandler
 503      00B58047 
 503      00BD
 504              	/* ======================================================================== */
 505 018e FEE7DC48 	     Insert_ExceptionHandler VADC0_G3_2_IRQHandler
 505      00B58047 
 505      00BD
 506              	/* ======================================================================== */
 507 0198 FEE7DB48 	     Insert_ExceptionHandler VADC0_G3_3_IRQHandler
 507      00B58047 
 507      00BD
 508              	/* ======================================================================== */
 509 01a2 FEE7D948 	     Insert_ExceptionHandler DSD0_0_IRQHandler
 509      00B58047 
 509      00BD
 510              	/* ======================================================================== */
 511 01ac FEE7D848 	     Insert_ExceptionHandler DSD0_1_IRQHandler
 511      00B58047 
 511      00BD
 512              	/* ======================================================================== */
 513 01b6 FEE7D648 	     Insert_ExceptionHandler DSD0_2_IRQHandler
 513      00B58047 
 513      00BD
 514              	/* ======================================================================== */
 515 01c0 FEE7D548 	     Insert_ExceptionHandler DSD0_3_IRQHandler
 515      00B58047 
 515      00BD
 516              	/* ======================================================================== */
 517 01ca FEE7D348 	     Insert_ExceptionHandler DSD0_4_IRQHandler
 517      00B58047 
 517      00BD
 518              	/* ======================================================================== */
 519 01d4 FEE7D248 	     Insert_ExceptionHandler DSD0_5_IRQHandler
 519      00B58047 
 519      00BD
 520              	/* ======================================================================== */
 521 01de FEE7D048 	     Insert_ExceptionHandler DSD0_6_IRQHandler
 521      00B58047 
 521      00BD
 522              	/* ======================================================================== */
 523 01e8 FEE7CF48 	     Insert_ExceptionHandler DSD0_7_IRQHandler
 523      00B58047 
 523      00BD
 524              	/* ======================================================================== */
 525 01f2 FEE7CD48 	     Insert_ExceptionHandler DAC0_0_IRQHandler
 525      00B58047 
 525      00BD
 526              	/* ======================================================================== */
 527 01fc FEE7CC48 	     Insert_ExceptionHandler DAC0_1_IRQHandler
 527      00B58047 
 527      00BD
 528              	/* ======================================================================== */
 529 0206 FEE7CA48 	     Insert_ExceptionHandler CCU40_0_IRQHandler
 529      00B58047 
 529      00BD
 530              	/* ======================================================================== */
 531 0210 FEE7C948 	     Insert_ExceptionHandler CCU40_1_IRQHandler
 531      00B58047 
 531      00BD
 532              	/* ======================================================================== */
 533 021a FEE7C748 	     Insert_ExceptionHandler CCU40_2_IRQHandler
 533      00B58047 
 533      00BD
 534              	/* ======================================================================== */
 535 0224 FEE7C648 	     Insert_ExceptionHandler CCU40_3_IRQHandler
 535      00B58047 
 535      00BD
 536              	/* ======================================================================== */
 537 022e FEE7C448 	     Insert_ExceptionHandler CCU41_0_IRQHandler
 537      00B58047 
 537      00BD
 538              	/* ======================================================================== */
 539 0238 FEE7C348 	     Insert_ExceptionHandler CCU41_1_IRQHandler
 539      00B58047 
 539      00BD
 540              	/* ======================================================================== */
 541 0242 FEE7C148 	     Insert_ExceptionHandler CCU41_2_IRQHandler
 541      00B58047 
 541      00BD
 542              	/* ======================================================================== */
 543 024c FEE7C048 	     Insert_ExceptionHandler CCU41_3_IRQHandler
 543      00B58047 
 543      00BD
 544              	/* ======================================================================== */
 545 0256 FEE7BE48 	     Insert_ExceptionHandler CCU42_0_IRQHandler
 545      00B58047 
 545      00BD
 546              	/* ======================================================================== */
 547 0260 FEE7BD48 	     Insert_ExceptionHandler CCU42_1_IRQHandler
 547      00B58047 
 547      00BD
 548              	/* ======================================================================== */
 549 026a FEE7BB48 	     Insert_ExceptionHandler CCU42_2_IRQHandler
 549      00B58047 
 549      00BD
 550              	/* ======================================================================== */
 551 0274 FEE7BA48 	     Insert_ExceptionHandler CCU42_3_IRQHandler
 551      00B58047 
 551      00BD
 552              	/* ======================================================================== */
 553 027e FEE7B848 	     Insert_ExceptionHandler CCU43_0_IRQHandler
 553      00B58047 
 553      00BD
 554              	/* ======================================================================== */
 555 0288 FEE7B748 	     Insert_ExceptionHandler CCU43_1_IRQHandler
 555      00B58047 
 555      00BD
 556              	/* ======================================================================== */
 557 0292 FEE7B548 	     Insert_ExceptionHandler CCU43_2_IRQHandler
 557      00B58047 
 557      00BD
 558              	/* ======================================================================== */
 559 029c FEE7B448 	     Insert_ExceptionHandler CCU43_3_IRQHandler
 559      00B58047 
 559      00BD
 560              	/* ======================================================================== */
 561 02a6 FEE7B248 	     Insert_ExceptionHandler CCU80_0_IRQHandler
 561      00B58047 
 561      00BD
 562              	/* ======================================================================== */
 563 02b0 FEE7B148 	     Insert_ExceptionHandler CCU80_1_IRQHandler
 563      00B58047 
 563      00BD
 564              	/* ======================================================================== */
 565 02ba FEE7AF48 	     Insert_ExceptionHandler CCU80_2_IRQHandler
 565      00B58047 
 565      00BD
 566              	/* ======================================================================== */
 567 02c4 FEE7AE48 	     Insert_ExceptionHandler CCU80_3_IRQHandler
 567      00B58047 
 567      00BD
 568              	/* ======================================================================== */
 569 02ce FEE7AC48 	     Insert_ExceptionHandler CCU81_0_IRQHandler
 569      00B58047 
 569      00BD
 570              	/* ======================================================================== */
 571 02d8 FEE7AB48 	     Insert_ExceptionHandler CCU81_1_IRQHandler
 571      00B58047 
 571      00BD
 572              	/* ======================================================================== */
 573 02e2 FEE7A948 	     Insert_ExceptionHandler CCU81_2_IRQHandler
 573      00B58047 
 573      00BD
 574              	/* ======================================================================== */
 575 02ec FEE7A848 	     Insert_ExceptionHandler CCU81_3_IRQHandler
 575      00B58047 
 575      00BD
 576              	/* ======================================================================== */
 577 02f6 FEE7A648 	     Insert_ExceptionHandler POSIF0_0_IRQHandler
 577      00B58047 
 577      00BD
 578              	/* ======================================================================== */
 579 0300 FEE7A548 	     Insert_ExceptionHandler POSIF0_1_IRQHandler
 579      00B58047 
 579      00BD
 580              	/* ======================================================================== */
 581 030a FEE7A348 	     Insert_ExceptionHandler POSIF1_0_IRQHandler
 581      00B58047 
 581      00BD
 582              	/* ======================================================================== */
 583 0314 FEE7A248 	     Insert_ExceptionHandler POSIF1_1_IRQHandler
 583      00B58047 
 583      00BD
 584              	/* ======================================================================== */
 585 031e FEE7A048 	     Insert_ExceptionHandler CAN0_0_IRQHandler
 585      00B58047 
 585      00BD
 586              	/* ======================================================================== */
 587 0328 FEE79F48 	     Insert_ExceptionHandler CAN0_1_IRQHandler
 587      00B58047 
 587      00BD
 588              	/* ======================================================================== */
 589 0332 FEE79D48 	     Insert_ExceptionHandler CAN0_2_IRQHandler
 589      00B58047 
 589      00BD
 590              	/* ======================================================================== */
 591 033c FEE79C48 	     Insert_ExceptionHandler CAN0_3_IRQHandler
 591      00B58047 
 591      00BD
 592              	/* ======================================================================== */
 593 0346 FEE79A48 	     Insert_ExceptionHandler CAN0_4_IRQHandler
 593      00B58047 
 593      00BD
 594              	/* ======================================================================== */
 595 0350 FEE79948 	     Insert_ExceptionHandler CAN0_5_IRQHandler
 595      00B58047 
 595      00BD
 596              	/* ======================================================================== */
 597 035a FEE79748 	     Insert_ExceptionHandler CAN0_6_IRQHandler
 597      00B58047 
 597      00BD
 598              	/* ======================================================================== */
 599 0364 FEE79648 	     Insert_ExceptionHandler CAN0_7_IRQHandler
 599      00B58047 
 599      00BD
 600              	/* ======================================================================== */
 601 036e FEE79448 	     Insert_ExceptionHandler USIC0_0_IRQHandler
 601      00B58047 
 601      00BD
 602              	/* ======================================================================== */
 603 0378 FEE79348 	     Insert_ExceptionHandler USIC0_1_IRQHandler
 603      00B58047 
 603      00BD
 604              	/* ======================================================================== */
 605 0382 FEE79148 	     Insert_ExceptionHandler USIC0_2_IRQHandler
 605      00B58047 
 605      00BD
 606              	/* ======================================================================== */
 607 038c FEE79048 	     Insert_ExceptionHandler USIC0_3_IRQHandler
 607      00B58047 
 607      00BD
 608              	/* ======================================================================== */
 609 0396 FEE78E48 	     Insert_ExceptionHandler USIC0_4_IRQHandler
 609      00B58047 
 609      00BD
 610              	/* ======================================================================== */
 611 03a0 FEE78D48 	     Insert_ExceptionHandler USIC0_5_IRQHandler
 611      00B58047 
 611      00BD
 612              	/* ======================================================================== */
 613 03aa FEE78B48 	     Insert_ExceptionHandler USIC1_0_IRQHandler
 613      00B58047 
 613      00BD
 614              	/* ======================================================================== */
 615 03b4 FEE78A48 	     Insert_ExceptionHandler USIC1_1_IRQHandler
 615      00B58047 
 615      00BD
 616              	/* ======================================================================== */
 617 03be FEE78848 	     Insert_ExceptionHandler USIC1_2_IRQHandler
 617      00B58047 
 617      00BD
 618              	/* ======================================================================== */
 619 03c8 FEE78748 	     Insert_ExceptionHandler USIC1_3_IRQHandler
 619      00B58047 
 619      00BD
 620              	/* ======================================================================== */
 621 03d2 FEE78548 	     Insert_ExceptionHandler USIC1_4_IRQHandler
 621      00B58047 
 621      00BD
 622              	/* ======================================================================== */
 623 03dc FEE78448 	     Insert_ExceptionHandler USIC1_5_IRQHandler
 623      00B58047 
 623      00BD
 624              	/* ======================================================================== */
 625 03e6 FEE78248 	     Insert_ExceptionHandler USIC2_0_IRQHandler
 625      00B58047 
 625      00BD
 626              	/* ======================================================================== */
 627 03f0 FEE78148 	     Insert_ExceptionHandler USIC2_1_IRQHandler
 627      00B58047 
 627      00BD
 628              	/* ======================================================================== */
 629 03fa FEE77F48 	     Insert_ExceptionHandler USIC2_2_IRQHandler
 629      00B58047 
 629      00BD
 630              	/* ======================================================================== */
 631 0404 FEE77E48 	     Insert_ExceptionHandler USIC2_3_IRQHandler
 631      00B58047 
 631      00BD
 632              	/* ======================================================================== */
 633 040e FEE77C48 	     Insert_ExceptionHandler USIC2_4_IRQHandler
 633      00B58047 
 633      00BD
 634              	/* ======================================================================== */
 635 0418 FEE77B48 	     Insert_ExceptionHandler USIC2_5_IRQHandler
 635      00B58047 
 635      00BD
 636              	/* ======================================================================== */
 637 0422 FEE77948 	     Insert_ExceptionHandler LEDTS0_0_IRQHandler
 637      00B58047 
 637      00BD
 638              	/* ======================================================================== */
 639 042c FEE77848 	     Insert_ExceptionHandler FCE0_0_IRQHandler
 639      00B58047 
 639      00BD
 640              	/* ======================================================================== */
 641 0436 FEE77648 	     Insert_ExceptionHandler GPDMA0_0_IRQHandler
 641      00B58047 
 641      00BD
 642              	/* ======================================================================== */
 643 0440 FEE77548 	     Insert_ExceptionHandler SDMMC0_0_IRQHandler
 643      00B58047 
 643      00BD
 644              	/* ======================================================================== */
 645 044a FEE77348 	     Insert_ExceptionHandler USB0_0_IRQHandler
 645      00B58047 
 645      00BD
 646              	/* ======================================================================== */
 647 0454 FEE77248 	     Insert_ExceptionHandler ETH0_0_IRQHandler
 647      00B58047 
 647      00BD
 648              	/* ======================================================================== */
 649 045e FEE77048 	     Insert_ExceptionHandler GPDMA1_0_IRQHandler
 649      00B58047 
 649      00BD
 650              	/* ======================================================================== */
 651              	/* ======================================================================== */
 652              	
 653              	/* ============= END OF INTERRUPT HANDLER DEFINITION ====================== */
 654              	
 655              	/* ======== Decision function queried by CMSIS startup for PLL setup ====== */
 656              	/* In the absence of DAVE code engine, CMSIS SystemInit() must perform clock
 657              	   tree setup.
 658              	
 659              	   This decision routine defined here will always return TRUE.
 660              	
 661              	   When overridden by a definition defined in DAVE code engine, this routine
 662              	   returns FALSE indicating that the code engine has performed the clock setup
 663              	*/
 664              	    .weak   AllowPLLInitByStartup
 666              	AllowPLLInitByStartup:
 667 0468 4FF00100 	    MOV R0,#1
 668 046c 7047     	    BX LR
 670              	
 671              	/* ======  Definition of the default weak SystemInit_DAVE4 function =========
 672              	If DAVE3 requires an extended SystemInit it will create its own version of
 673              	SystemInit_DAVE4 which overrides this weak definition. Example includes
 674              	setting up of external memory interfaces.
 675              	*/
 676 046e 0000     	     .section ".XmcStartup"
 677              	     .weak SystemInit_DAVE4
 679              	SystemInit_DAVE4:
 680 0000 00BF     	     NOP
 681 0002 7047     	     BX LR
 683              	/* ======================================================================== */
 684              	/* ======================================================================== */
 685              	
 686              	/* ======================== Data references =============================== */
 687              	.equ  SCB_VTOR,       0xE000ED08
 688              	.equ  PREF_PCON,      0x58004000
 689              	.equ  SCU_GCU_PEEN,   0x5000413C
 690              	.equ  SCU_GCU_PEFLAG, 0x50004150
 691              	.equ  FLASH_FCON,     0x58002014
 692              	
 693              	    .end
DEFINED SYMBOLS
../Startup/startup_XMC4500.s:113    .Xmc4500.reset:00000000 __Xmc4500_interrupt_vector_cortex_m
../Startup/startup_XMC4500.s:257    .Xmc4500.reset:00000200 __Xmc4500_reset_cortex_m
../Startup/startup_XMC4500.s:426    .text:00000002 NMI_Handler_Veneer
../Startup/startup_XMC4500.s:428    .text:0000000e HardFault_Handler_Veneer
../Startup/startup_XMC4500.s:430    .text:0000001a MemManage_Handler_Veneer
../Startup/startup_XMC4500.s:432    .text:00000026 BusFault_Handler_Veneer
../Startup/startup_XMC4500.s:434    .text:00000032 UsageFault_Handler_Veneer
../Startup/startup_XMC4500.s:436    .text:0000003e SVC_Handler_Veneer
../Startup/startup_XMC4500.s:438    .text:0000004a DebugMon_Handler_Veneer
../Startup/startup_XMC4500.s:440    .text:00000056 PendSV_Handler_Veneer
../Startup/startup_XMC4500.s:442    .text:00000062 SysTick_Handler_Veneer
../Startup/startup_XMC4500.s:449    .text:0000006e SCU_0_IRQHandler_Veneer
../Startup/startup_XMC4500.s:451    .text:0000007a ERU0_0_IRQHandler_Veneer
../Startup/startup_XMC4500.s:453    .text:00000086 ERU0_1_IRQHandler_Veneer
../Startup/startup_XMC4500.s:455    .text:00000092 ERU0_2_IRQHandler_Veneer
../Startup/startup_XMC4500.s:457    .text:0000009e ERU0_3_IRQHandler_Veneer
../Startup/startup_XMC4500.s:459    .text:000000aa ERU1_0_IRQHandler_Veneer
../Startup/startup_XMC4500.s:461    .text:000000b4 ERU1_1_IRQHandler_Veneer
../Startup/startup_XMC4500.s:463    .text:000000be ERU1_2_IRQHandler_Veneer
../Startup/startup_XMC4500.s:465    .text:000000c8 ERU1_3_IRQHandler_Veneer
../Startup/startup_XMC4500.s:467    .text:000000d2 PMU0_0_IRQHandler_Veneer
../Startup/startup_XMC4500.s:469    .text:000000dc VADC0_C0_0_IRQHandler_Veneer
../Startup/startup_XMC4500.s:471    .text:000000e6 VADC0_C0_1_IRQHandler_Veneer
../Startup/startup_XMC4500.s:473    .text:000000f0 VADC0_C0_2_IRQHandler_Veneer
../Startup/startup_XMC4500.s:475    .text:000000fa VADC0_C0_3_IRQHandler_Veneer
../Startup/startup_XMC4500.s:477    .text:00000104 VADC0_G0_0_IRQHandler_Veneer
../Startup/startup_XMC4500.s:479    .text:0000010e VADC0_G0_1_IRQHandler_Veneer
../Startup/startup_XMC4500.s:481    .text:00000118 VADC0_G0_2_IRQHandler_Veneer
../Startup/startup_XMC4500.s:483    .text:00000122 VADC0_G0_3_IRQHandler_Veneer
../Startup/startup_XMC4500.s:485    .text:0000012c VADC0_G1_0_IRQHandler_Veneer
../Startup/startup_XMC4500.s:487    .text:00000136 VADC0_G1_1_IRQHandler_Veneer
../Startup/startup_XMC4500.s:489    .text:00000140 VADC0_G1_2_IRQHandler_Veneer
../Startup/startup_XMC4500.s:491    .text:0000014a VADC0_G1_3_IRQHandler_Veneer
../Startup/startup_XMC4500.s:493    .text:00000154 VADC0_G2_0_IRQHandler_Veneer
../Startup/startup_XMC4500.s:495    .text:0000015e VADC0_G2_1_IRQHandler_Veneer
../Startup/startup_XMC4500.s:497    .text:00000168 VADC0_G2_2_IRQHandler_Veneer
../Startup/startup_XMC4500.s:499    .text:00000172 VADC0_G2_3_IRQHandler_Veneer
../Startup/startup_XMC4500.s:501    .text:0000017c VADC0_G3_0_IRQHandler_Veneer
../Startup/startup_XMC4500.s:503    .text:00000186 VADC0_G3_1_IRQHandler_Veneer
../Startup/startup_XMC4500.s:505    .text:00000190 VADC0_G3_2_IRQHandler_Veneer
../Startup/startup_XMC4500.s:507    .text:0000019a VADC0_G3_3_IRQHandler_Veneer
../Startup/startup_XMC4500.s:509    .text:000001a4 DSD0_0_IRQHandler_Veneer
../Startup/startup_XMC4500.s:511    .text:000001ae DSD0_1_IRQHandler_Veneer
../Startup/startup_XMC4500.s:513    .text:000001b8 DSD0_2_IRQHandler_Veneer
../Startup/startup_XMC4500.s:515    .text:000001c2 DSD0_3_IRQHandler_Veneer
../Startup/startup_XMC4500.s:517    .text:000001cc DSD0_4_IRQHandler_Veneer
../Startup/startup_XMC4500.s:519    .text:000001d6 DSD0_5_IRQHandler_Veneer
../Startup/startup_XMC4500.s:521    .text:000001e0 DSD0_6_IRQHandler_Veneer
../Startup/startup_XMC4500.s:523    .text:000001ea DSD0_7_IRQHandler_Veneer
../Startup/startup_XMC4500.s:525    .text:000001f4 DAC0_0_IRQHandler_Veneer
../Startup/startup_XMC4500.s:527    .text:000001fe DAC0_1_IRQHandler_Veneer
../Startup/startup_XMC4500.s:529    .text:00000208 CCU40_0_IRQHandler_Veneer
../Startup/startup_XMC4500.s:531    .text:00000212 CCU40_1_IRQHandler_Veneer
../Startup/startup_XMC4500.s:533    .text:0000021c CCU40_2_IRQHandler_Veneer
../Startup/startup_XMC4500.s:535    .text:00000226 CCU40_3_IRQHandler_Veneer
../Startup/startup_XMC4500.s:537    .text:00000230 CCU41_0_IRQHandler_Veneer
../Startup/startup_XMC4500.s:539    .text:0000023a CCU41_1_IRQHandler_Veneer
../Startup/startup_XMC4500.s:541    .text:00000244 CCU41_2_IRQHandler_Veneer
../Startup/startup_XMC4500.s:543    .text:0000024e CCU41_3_IRQHandler_Veneer
../Startup/startup_XMC4500.s:545    .text:00000258 CCU42_0_IRQHandler_Veneer
../Startup/startup_XMC4500.s:547    .text:00000262 CCU42_1_IRQHandler_Veneer
../Startup/startup_XMC4500.s:549    .text:0000026c CCU42_2_IRQHandler_Veneer
../Startup/startup_XMC4500.s:551    .text:00000276 CCU42_3_IRQHandler_Veneer
../Startup/startup_XMC4500.s:553    .text:00000280 CCU43_0_IRQHandler_Veneer
../Startup/startup_XMC4500.s:555    .text:0000028a CCU43_1_IRQHandler_Veneer
../Startup/startup_XMC4500.s:557    .text:00000294 CCU43_2_IRQHandler_Veneer
../Startup/startup_XMC4500.s:559    .text:0000029e CCU43_3_IRQHandler_Veneer
../Startup/startup_XMC4500.s:561    .text:000002a8 CCU80_0_IRQHandler_Veneer
../Startup/startup_XMC4500.s:563    .text:000002b2 CCU80_1_IRQHandler_Veneer
../Startup/startup_XMC4500.s:565    .text:000002bc CCU80_2_IRQHandler_Veneer
../Startup/startup_XMC4500.s:567    .text:000002c6 CCU80_3_IRQHandler_Veneer
../Startup/startup_XMC4500.s:569    .text:000002d0 CCU81_0_IRQHandler_Veneer
../Startup/startup_XMC4500.s:571    .text:000002da CCU81_1_IRQHandler_Veneer
../Startup/startup_XMC4500.s:573    .text:000002e4 CCU81_2_IRQHandler_Veneer
../Startup/startup_XMC4500.s:575    .text:000002ee CCU81_3_IRQHandler_Veneer
../Startup/startup_XMC4500.s:577    .text:000002f8 POSIF0_0_IRQHandler_Veneer
../Startup/startup_XMC4500.s:579    .text:00000302 POSIF0_1_IRQHandler_Veneer
../Startup/startup_XMC4500.s:581    .text:0000030c POSIF1_0_IRQHandler_Veneer
../Startup/startup_XMC4500.s:583    .text:00000316 POSIF1_1_IRQHandler_Veneer
../Startup/startup_XMC4500.s:585    .text:00000320 CAN0_0_IRQHandler_Veneer
../Startup/startup_XMC4500.s:587    .text:0000032a CAN0_1_IRQHandler_Veneer
../Startup/startup_XMC4500.s:589    .text:00000334 CAN0_2_IRQHandler_Veneer
../Startup/startup_XMC4500.s:591    .text:0000033e CAN0_3_IRQHandler_Veneer
../Startup/startup_XMC4500.s:593    .text:00000348 CAN0_4_IRQHandler_Veneer
../Startup/startup_XMC4500.s:595    .text:00000352 CAN0_5_IRQHandler_Veneer
../Startup/startup_XMC4500.s:597    .text:0000035c CAN0_6_IRQHandler_Veneer
../Startup/startup_XMC4500.s:599    .text:00000366 CAN0_7_IRQHandler_Veneer
../Startup/startup_XMC4500.s:601    .text:00000370 USIC0_0_IRQHandler_Veneer
../Startup/startup_XMC4500.s:603    .text:0000037a USIC0_1_IRQHandler_Veneer
../Startup/startup_XMC4500.s:605    .text:00000384 USIC0_2_IRQHandler_Veneer
../Startup/startup_XMC4500.s:607    .text:0000038e USIC0_3_IRQHandler_Veneer
../Startup/startup_XMC4500.s:609    .text:00000398 USIC0_4_IRQHandler_Veneer
../Startup/startup_XMC4500.s:611    .text:000003a2 USIC0_5_IRQHandler_Veneer
../Startup/startup_XMC4500.s:613    .text:000003ac USIC1_0_IRQHandler_Veneer
../Startup/startup_XMC4500.s:615    .text:000003b6 USIC1_1_IRQHandler_Veneer
../Startup/startup_XMC4500.s:617    .text:000003c0 USIC1_2_IRQHandler_Veneer
../Startup/startup_XMC4500.s:619    .text:000003ca USIC1_3_IRQHandler_Veneer
../Startup/startup_XMC4500.s:621    .text:000003d4 USIC1_4_IRQHandler_Veneer
../Startup/startup_XMC4500.s:623    .text:000003de USIC1_5_IRQHandler_Veneer
../Startup/startup_XMC4500.s:625    .text:000003e8 USIC2_0_IRQHandler_Veneer
../Startup/startup_XMC4500.s:627    .text:000003f2 USIC2_1_IRQHandler_Veneer
../Startup/startup_XMC4500.s:629    .text:000003fc USIC2_2_IRQHandler_Veneer
../Startup/startup_XMC4500.s:631    .text:00000406 USIC2_3_IRQHandler_Veneer
../Startup/startup_XMC4500.s:633    .text:00000410 USIC2_4_IRQHandler_Veneer
../Startup/startup_XMC4500.s:635    .text:0000041a USIC2_5_IRQHandler_Veneer
../Startup/startup_XMC4500.s:637    .text:00000424 LEDTS0_0_IRQHandler_Veneer
../Startup/startup_XMC4500.s:639    .text:0000042e FCE0_0_IRQHandler_Veneer
../Startup/startup_XMC4500.s:641    .text:00000438 GPDMA0_0_IRQHandler_Veneer
../Startup/startup_XMC4500.s:643    .text:00000442 SDMMC0_0_IRQHandler_Veneer
../Startup/startup_XMC4500.s:645    .text:0000044c USB0_0_IRQHandler_Veneer
../Startup/startup_XMC4500.s:647    .text:00000456 ETH0_0_IRQHandler_Veneer
../Startup/startup_XMC4500.s:649    .text:00000460 GPDMA1_0_IRQHandler_Veneer
                   .Xmc4500.reset:00000000 $d
../Startup/startup_XMC4500.s:262    .Xmc4500.reset:00000200 $t
../Startup/startup_XMC4500.s:679    .XmcStartup:00000000 SystemInit_DAVE4
../Startup/startup_XMC4500.s:285    .Xmc4500.postreset:00000000 __Xmc4500_Program_Loader
../Startup/startup_XMC4500.s:277    .Xmc4500.reset:00000210 $d
         .ARM.exidx.Xmc4500.reset:00000000 $d
../Startup/startup_XMC4500.s:291    .Xmc4500.postreset:00000000 $t
../Startup/startup_XMC4500.s:324    .Xmc4500.postreset:00000028 RAMCODE_COPY
../Startup/startup_XMC4500.s:306    .Xmc4500.postreset:00000012 STARTCOPY
../Startup/startup_XMC4500.s:314    .Xmc4500.postreset:00000016 COPYLOOP
../Startup/startup_XMC4500.s:360    .Xmc4500.postreset:00000050 SKIPCOPY
../Startup/startup_XMC4500.s:342    .Xmc4500.postreset:0000003a RAMCODE_STARTCOPY
../Startup/startup_XMC4500.s:350    .Xmc4500.postreset:0000003e RAMCODE_COPYLOOP
../Startup/startup_XMC4500.s:387    .Xmc4500.postreset:00000074 SKIPCLEAR
../Startup/startup_XMC4500.s:376    .Xmc4500.postreset:00000060 STARTCLEAR
../Startup/startup_XMC4500.s:380    .Xmc4500.postreset:00000068 CLEARLOOP
                            *ABS*:e000ed08 SCB_VTOR
../Startup/startup_XMC4500.s:413    .Xmc4500.postreset:00000096 $d
     .ARM.exidx.Xmc4500.postreset:00000000 $d
../Startup/startup_XMC4500.s:426    .text:00000000 NMI_Handler
../Startup/startup_XMC4500.s:426    .text:00000000 $t
../Startup/startup_XMC4500.s:428    .text:0000000c HardFault_Handler
../Startup/startup_XMC4500.s:430    .text:00000018 MemManage_Handler
../Startup/startup_XMC4500.s:432    .text:00000024 BusFault_Handler
../Startup/startup_XMC4500.s:434    .text:00000030 UsageFault_Handler
../Startup/startup_XMC4500.s:436    .text:0000003c SVC_Handler
../Startup/startup_XMC4500.s:438    .text:00000048 DebugMon_Handler
../Startup/startup_XMC4500.s:440    .text:00000054 PendSV_Handler
../Startup/startup_XMC4500.s:442    .text:00000060 SysTick_Handler
../Startup/startup_XMC4500.s:449    .text:0000006c SCU_0_IRQHandler
../Startup/startup_XMC4500.s:451    .text:00000078 ERU0_0_IRQHandler
../Startup/startup_XMC4500.s:453    .text:00000084 ERU0_1_IRQHandler
../Startup/startup_XMC4500.s:455    .text:00000090 ERU0_2_IRQHandler
../Startup/startup_XMC4500.s:457    .text:0000009c ERU0_3_IRQHandler
../Startup/startup_XMC4500.s:459    .text:000000a8 ERU1_0_IRQHandler
../Startup/startup_XMC4500.s:461    .text:000000b2 ERU1_1_IRQHandler
../Startup/startup_XMC4500.s:463    .text:000000bc ERU1_2_IRQHandler
../Startup/startup_XMC4500.s:465    .text:000000c6 ERU1_3_IRQHandler
../Startup/startup_XMC4500.s:467    .text:000000d0 PMU0_0_IRQHandler
../Startup/startup_XMC4500.s:469    .text:000000da VADC0_C0_0_IRQHandler
../Startup/startup_XMC4500.s:471    .text:000000e4 VADC0_C0_1_IRQHandler
../Startup/startup_XMC4500.s:473    .text:000000ee VADC0_C0_2_IRQHandler
../Startup/startup_XMC4500.s:475    .text:000000f8 VADC0_C0_3_IRQHandler
../Startup/startup_XMC4500.s:477    .text:00000102 VADC0_G0_0_IRQHandler
../Startup/startup_XMC4500.s:479    .text:0000010c VADC0_G0_1_IRQHandler
../Startup/startup_XMC4500.s:481    .text:00000116 VADC0_G0_2_IRQHandler
../Startup/startup_XMC4500.s:483    .text:00000120 VADC0_G0_3_IRQHandler
../Startup/startup_XMC4500.s:485    .text:0000012a VADC0_G1_0_IRQHandler
../Startup/startup_XMC4500.s:487    .text:00000134 VADC0_G1_1_IRQHandler
../Startup/startup_XMC4500.s:489    .text:0000013e VADC0_G1_2_IRQHandler
../Startup/startup_XMC4500.s:491    .text:00000148 VADC0_G1_3_IRQHandler
../Startup/startup_XMC4500.s:493    .text:00000152 VADC0_G2_0_IRQHandler
../Startup/startup_XMC4500.s:495    .text:0000015c VADC0_G2_1_IRQHandler
../Startup/startup_XMC4500.s:497    .text:00000166 VADC0_G2_2_IRQHandler
../Startup/startup_XMC4500.s:499    .text:00000170 VADC0_G2_3_IRQHandler
../Startup/startup_XMC4500.s:501    .text:0000017a VADC0_G3_0_IRQHandler
../Startup/startup_XMC4500.s:503    .text:00000184 VADC0_G3_1_IRQHandler
../Startup/startup_XMC4500.s:505    .text:0000018e VADC0_G3_2_IRQHandler
../Startup/startup_XMC4500.s:507    .text:00000198 VADC0_G3_3_IRQHandler
../Startup/startup_XMC4500.s:509    .text:000001a2 DSD0_0_IRQHandler
../Startup/startup_XMC4500.s:511    .text:000001ac DSD0_1_IRQHandler
../Startup/startup_XMC4500.s:513    .text:000001b6 DSD0_2_IRQHandler
../Startup/startup_XMC4500.s:515    .text:000001c0 DSD0_3_IRQHandler
../Startup/startup_XMC4500.s:517    .text:000001ca DSD0_4_IRQHandler
../Startup/startup_XMC4500.s:519    .text:000001d4 DSD0_5_IRQHandler
../Startup/startup_XMC4500.s:521    .text:000001de DSD0_6_IRQHandler
../Startup/startup_XMC4500.s:523    .text:000001e8 DSD0_7_IRQHandler
../Startup/startup_XMC4500.s:525    .text:000001f2 DAC0_0_IRQHandler
../Startup/startup_XMC4500.s:527    .text:000001fc DAC0_1_IRQHandler
../Startup/startup_XMC4500.s:529    .text:00000206 CCU40_0_IRQHandler
../Startup/startup_XMC4500.s:531    .text:00000210 CCU40_1_IRQHandler
../Startup/startup_XMC4500.s:533    .text:0000021a CCU40_2_IRQHandler
../Startup/startup_XMC4500.s:535    .text:00000224 CCU40_3_IRQHandler
../Startup/startup_XMC4500.s:537    .text:0000022e CCU41_0_IRQHandler
../Startup/startup_XMC4500.s:539    .text:00000238 CCU41_1_IRQHandler
../Startup/startup_XMC4500.s:541    .text:00000242 CCU41_2_IRQHandler
../Startup/startup_XMC4500.s:543    .text:0000024c CCU41_3_IRQHandler
../Startup/startup_XMC4500.s:545    .text:00000256 CCU42_0_IRQHandler
../Startup/startup_XMC4500.s:547    .text:00000260 CCU42_1_IRQHandler
../Startup/startup_XMC4500.s:549    .text:0000026a CCU42_2_IRQHandler
../Startup/startup_XMC4500.s:551    .text:00000274 CCU42_3_IRQHandler
../Startup/startup_XMC4500.s:553    .text:0000027e CCU43_0_IRQHandler
../Startup/startup_XMC4500.s:555    .text:00000288 CCU43_1_IRQHandler
../Startup/startup_XMC4500.s:557    .text:00000292 CCU43_2_IRQHandler
../Startup/startup_XMC4500.s:559    .text:0000029c CCU43_3_IRQHandler
../Startup/startup_XMC4500.s:561    .text:000002a6 CCU80_0_IRQHandler
../Startup/startup_XMC4500.s:563    .text:000002b0 CCU80_1_IRQHandler
../Startup/startup_XMC4500.s:565    .text:000002ba CCU80_2_IRQHandler
../Startup/startup_XMC4500.s:567    .text:000002c4 CCU80_3_IRQHandler
../Startup/startup_XMC4500.s:569    .text:000002ce CCU81_0_IRQHandler
../Startup/startup_XMC4500.s:571    .text:000002d8 CCU81_1_IRQHandler
../Startup/startup_XMC4500.s:573    .text:000002e2 CCU81_2_IRQHandler
../Startup/startup_XMC4500.s:575    .text:000002ec CCU81_3_IRQHandler
../Startup/startup_XMC4500.s:577    .text:000002f6 POSIF0_0_IRQHandler
../Startup/startup_XMC4500.s:579    .text:00000300 POSIF0_1_IRQHandler
../Startup/startup_XMC4500.s:581    .text:0000030a POSIF1_0_IRQHandler
../Startup/startup_XMC4500.s:583    .text:00000314 POSIF1_1_IRQHandler
../Startup/startup_XMC4500.s:585    .text:0000031e CAN0_0_IRQHandler
../Startup/startup_XMC4500.s:587    .text:00000328 CAN0_1_IRQHandler
../Startup/startup_XMC4500.s:589    .text:00000332 CAN0_2_IRQHandler
../Startup/startup_XMC4500.s:591    .text:0000033c CAN0_3_IRQHandler
../Startup/startup_XMC4500.s:593    .text:00000346 CAN0_4_IRQHandler
../Startup/startup_XMC4500.s:595    .text:00000350 CAN0_5_IRQHandler
../Startup/startup_XMC4500.s:597    .text:0000035a CAN0_6_IRQHandler
../Startup/startup_XMC4500.s:599    .text:00000364 CAN0_7_IRQHandler
../Startup/startup_XMC4500.s:601    .text:0000036e USIC0_0_IRQHandler
../Startup/startup_XMC4500.s:603    .text:00000378 USIC0_1_IRQHandler
../Startup/startup_XMC4500.s:605    .text:00000382 USIC0_2_IRQHandler
../Startup/startup_XMC4500.s:607    .text:0000038c USIC0_3_IRQHandler
../Startup/startup_XMC4500.s:609    .text:00000396 USIC0_4_IRQHandler
../Startup/startup_XMC4500.s:611    .text:000003a0 USIC0_5_IRQHandler
../Startup/startup_XMC4500.s:613    .text:000003aa USIC1_0_IRQHandler
../Startup/startup_XMC4500.s:615    .text:000003b4 USIC1_1_IRQHandler
../Startup/startup_XMC4500.s:617    .text:000003be USIC1_2_IRQHandler
../Startup/startup_XMC4500.s:619    .text:000003c8 USIC1_3_IRQHandler
../Startup/startup_XMC4500.s:621    .text:000003d2 USIC1_4_IRQHandler
../Startup/startup_XMC4500.s:623    .text:000003dc USIC1_5_IRQHandler
../Startup/startup_XMC4500.s:625    .text:000003e6 USIC2_0_IRQHandler
../Startup/startup_XMC4500.s:627    .text:000003f0 USIC2_1_IRQHandler
../Startup/startup_XMC4500.s:629    .text:000003fa USIC2_2_IRQHandler
../Startup/startup_XMC4500.s:631    .text:00000404 USIC2_3_IRQHandler
../Startup/startup_XMC4500.s:633    .text:0000040e USIC2_4_IRQHandler
../Startup/startup_XMC4500.s:635    .text:00000418 USIC2_5_IRQHandler
../Startup/startup_XMC4500.s:637    .text:00000422 LEDTS0_0_IRQHandler
../Startup/startup_XMC4500.s:639    .text:0000042c FCE0_0_IRQHandler
../Startup/startup_XMC4500.s:641    .text:00000436 GPDMA0_0_IRQHandler
../Startup/startup_XMC4500.s:643    .text:00000440 SDMMC0_0_IRQHandler
../Startup/startup_XMC4500.s:645    .text:0000044a USB0_0_IRQHandler
../Startup/startup_XMC4500.s:647    .text:00000454 ETH0_0_IRQHandler
../Startup/startup_XMC4500.s:649    .text:0000045e GPDMA1_0_IRQHandler
../Startup/startup_XMC4500.s:666    .text:00000468 AllowPLLInitByStartup
../Startup/startup_XMC4500.s:680    .XmcStartup:00000000 $t
../Startup/startup_XMC4500.s:688    *ABS*:58004000 PREF_PCON
../Startup/startup_XMC4500.s:689    *ABS*:5000413c SCU_GCU_PEEN
../Startup/startup_XMC4500.s:690    *ABS*:50004150 SCU_GCU_PEFLAG
../Startup/startup_XMC4500.s:691    *ABS*:58002014 FLASH_FCON
../Startup/startup_XMC4500.s:676    .text:0000046e $d
                   .debug_aranges:0000000c $d

UNDEFINED SYMBOLS
__Xmc4500_stack
SystemInit
eROData
__Xmc4500_sData
__Xmc4500_Data_Size
__Xmc4500_Ram_Code_Load
__Xmc4500_sRamCode
__Xmc4500_Ram_Code_Size
__Xmc4500_sBSS
__Xmc4500_BSS_Size
SystemCoreClockUpdate
__libc_init_array
init_user_before_main
main
